<testsuites id="" name="" tests="340" failures="64" skipped="0" errors="0" time="344.27843000000007">
<testsuite name="auth-realistic.spec.ts" timestamp="2025-06-02T10:55:27.889Z" hostname="chromium" tests="20" failures="4" skipped="0" time="59.385" errors="0">
<testcase name="Realistic Authentication Tests › Sign Up Flow › should successfully load and fill signup form" classname="auth-realistic.spec.ts" time="3.109">
</testcase>
<testcase name="Realistic Authentication Tests › Sign Up Flow › should have proper form validation attributes" classname="auth-realistic.spec.ts" time="1.965">
</testcase>
<testcase name="Realistic Authentication Tests › Sign Up Flow › should validate password length (minimum 8 characters)" classname="auth-realistic.spec.ts" time="2.082">
</testcase>
<testcase name="Realistic Authentication Tests › Sign Up Flow › should validate password confirmation" classname="auth-realistic.spec.ts" time="2.042">
</testcase>
<testcase name="Realistic Authentication Tests › Sign Up Flow › should validate required fields" classname="auth-realistic.spec.ts" time="4.657">
<failure message="auth-realistic.spec.ts:117:9 should validate required fields" type="FAILURE">
<![CDATA[  [chromium] › auth-realistic.spec.ts:117:9 › Realistic Authentication Tests › Sign Up Flow › should validate required fields 

    Error: Timed out 3000ms waiting for expect(locator).toBeVisible()

    Locator: locator('text=Ad Soyad gereklidir')
    Expected: visible
    Received: <element(s) not found>
    Call log:
      - expect.toBeVisible with timeout 3000ms
      - waiting for locator('text=Ad Soyad gereklidir')


      125 |       await page.click('button[type="submit"]');
      126 |
    > 127 |       await expect(page.locator("text=Ad Soyad gereklidir")).toBeVisible({
          |                                                              ^
      128 |         timeout: 3000,
      129 |       });
      130 |
        at /Users/minted_tr/Desktop/linkedin-profile-evaluator/e2e/auth-realistic.spec.ts:127:62

    attachment #1: screenshot (image/png) ──────────────────────────────────────────────────────────
    test-results/auth-realistic-Realistic-A-028e5-ld-validate-required-fields-chromium/test-failed-1.png
    ────────────────────────────────────────────────────────────────────────────────────────────────

    attachment #2: video (video/webm) ──────────────────────────────────────────────────────────────
    test-results/auth-realistic-Realistic-A-028e5-ld-validate-required-fields-chromium/video.webm
    ────────────────────────────────────────────────────────────────────────────────────────────────

    Error Context: ../test-results/auth-realistic-Realistic-A-028e5-ld-validate-required-fields-chromium/error-context.md
]]>
</failure>
<system-out>
<![CDATA[
[[ATTACHMENT|../test-results/auth-realistic-Realistic-A-028e5-ld-validate-required-fields-chromium/test-failed-1.png]]

[[ATTACHMENT|../test-results/auth-realistic-Realistic-A-028e5-ld-validate-required-fields-chromium/video.webm]]

[[ATTACHMENT|../test-results/auth-realistic-Realistic-A-028e5-ld-validate-required-fields-chromium/error-context.md]]
]]>
</system-out>
</testcase>
<testcase name="Realistic Authentication Tests › Sign Up Flow › should handle duplicate email registration" classname="auth-realistic.spec.ts" time="10.085">
<failure message="auth-realistic.spec.ts:144:9 should handle duplicate email registration" type="FAILURE">
<![CDATA[  [chromium] › auth-realistic.spec.ts:144:9 › Realistic Authentication Tests › Sign Up Flow › should handle duplicate email registration 

    Error: Timed out 5000ms waiting for expect(locator).toBeVisible()

    Locator: locator('.bg-red-50')
    Expected: visible
    Received: <element(s) not found>
    Call log:
      - expect.toBeVisible with timeout 5000ms
      - waiting for locator('.bg-red-50')


      165 |
      166 |       // Should show error for existing email (generic error is fine)
    > 167 |       await expect(page.locator(".bg-red-50")).toBeVisible({
          |                                                ^
      168 |         timeout: 5000,
      169 |       });
      170 |     });
        at /Users/minted_tr/Desktop/linkedin-profile-evaluator/e2e/auth-realistic.spec.ts:167:48

    attachment #1: screenshot (image/png) ──────────────────────────────────────────────────────────
    test-results/auth-realistic-Realistic-A-1e19b-uplicate-email-registration-chromium/test-failed-1.png
    ────────────────────────────────────────────────────────────────────────────────────────────────

    attachment #2: video (video/webm) ──────────────────────────────────────────────────────────────
    test-results/auth-realistic-Realistic-A-1e19b-uplicate-email-registration-chromium/video.webm
    ────────────────────────────────────────────────────────────────────────────────────────────────

    Error Context: ../test-results/auth-realistic-Realistic-A-1e19b-uplicate-email-registration-chromium/error-context.md
]]>
</failure>
<system-out>
<![CDATA[
[[ATTACHMENT|../test-results/auth-realistic-Realistic-A-1e19b-uplicate-email-registration-chromium/test-failed-1.png]]

[[ATTACHMENT|../test-results/auth-realistic-Realistic-A-1e19b-uplicate-email-registration-chromium/video.webm]]

[[ATTACHMENT|../test-results/auth-realistic-Realistic-A-1e19b-uplicate-email-registration-chromium/error-context.md]]
]]>
</system-out>
</testcase>
<testcase name="Realistic Authentication Tests › Sign In Flow › should successfully load and fill signin form" classname="auth-realistic.spec.ts" time="2.586">
</testcase>
<testcase name="Realistic Authentication Tests › Sign In Flow › should have submit button that can be clicked" classname="auth-realistic.spec.ts" time="1.748">
</testcase>
<testcase name="Realistic Authentication Tests › Sign In Flow › should show error for invalid credentials" classname="auth-realistic.spec.ts" time="3.631">
</testcase>
<testcase name="Realistic Authentication Tests › Sign In Flow › should show loading state during sign in" classname="auth-realistic.spec.ts" time="0.656">
</testcase>
<testcase name="Realistic Authentication Tests › Navigation Tests › should navigate between auth pages" classname="auth-realistic.spec.ts" time="0.809">
</testcase>
<testcase name="Realistic Authentication Tests › Navigation Tests › should have working OAuth buttons" classname="auth-realistic.spec.ts" time="0.798">
</testcase>
<testcase name="Realistic Authentication Tests › Navigation Tests › should navigate to forgot password" classname="auth-realistic.spec.ts" time="2.652">
</testcase>
<testcase name="Realistic Authentication Tests › Page Loading Tests › should load signin page without errors" classname="auth-realistic.spec.ts" time="0.781">
</testcase>
<testcase name="Realistic Authentication Tests › Page Loading Tests › should load signup page without errors" classname="auth-realistic.spec.ts" time="1.867">
</testcase>
<testcase name="Realistic Authentication Tests › Page Loading Tests › should load forgot password page if it exists" classname="auth-realistic.spec.ts" time="1.462">
</testcase>
<testcase name="Realistic Authentication Tests › Protected Routes › should redirect unauthenticated users" classname="auth-realistic.spec.ts" time="5.612">
<failure message="auth-realistic.spec.ts:340:9 should redirect unauthenticated users" type="FAILURE">
<![CDATA[  [chromium] › auth-realistic.spec.ts:340:9 › Realistic Authentication Tests › Protected Routes › should redirect unauthenticated users 

    Error: Timed out 5000ms waiting for expect(locator).toHaveURL(expected)

    Locator: locator(':root')
    Expected string: "http://localhost:3000/auth/signin"
    Received string: "http://localhost:3000/auth/signin?callbackUrl=http%3A%2F%2Flocalhost%3A3000%2Fdashboard"
    Call log:
      - expect.toHaveURL with timeout 5000ms
      - waiting for locator(':root')
        9 × locator resolved to <html lang="tr" class="__variable_e8ce0c">…</html>
          - unexpected value "http://localhost:3000/auth/signin?callbackUrl=http%3A%2F%2Flocalhost%3A3000%2Fdashboard"


      343 |       for (const route of protectedRoutes) {
      344 |         await page.goto(route);
    > 345 |         await expect(page).toHaveURL("/auth/signin", { timeout: 5000 });
          |                            ^
      346 |       }
      347 |     });
      348 |
        at /Users/minted_tr/Desktop/linkedin-profile-evaluator/e2e/auth-realistic.spec.ts:345:28

    attachment #1: screenshot (image/png) ──────────────────────────────────────────────────────────
    test-results/auth-realistic-Realistic-A-c256c-irect-unauthenticated-users-chromium/test-failed-1.png
    ────────────────────────────────────────────────────────────────────────────────────────────────

    attachment #2: video (video/webm) ──────────────────────────────────────────────────────────────
    test-results/auth-realistic-Realistic-A-c256c-irect-unauthenticated-users-chromium/video.webm
    ────────────────────────────────────────────────────────────────────────────────────────────────

    Error Context: ../test-results/auth-realistic-Realistic-A-c256c-irect-unauthenticated-users-chromium/error-context.md
]]>
</failure>
<system-out>
<![CDATA[
[[ATTACHMENT|../test-results/auth-realistic-Realistic-A-c256c-irect-unauthenticated-users-chromium/test-failed-1.png]]

[[ATTACHMENT|../test-results/auth-realistic-Realistic-A-c256c-irect-unauthenticated-users-chromium/video.webm]]

[[ATTACHMENT|../test-results/auth-realistic-Realistic-A-c256c-irect-unauthenticated-users-chromium/error-context.md]]
]]>
</system-out>
</testcase>
<testcase name="Realistic Authentication Tests › Protected Routes › should allow authenticated users access" classname="auth-realistic.spec.ts" time="5.547">
</testcase>
<testcase name="Realistic Authentication Tests › Error Handling › should handle network errors gracefully" classname="auth-realistic.spec.ts" time="0.175">
<failure message="auth-realistic.spec.ts:372:9 should handle network errors gracefully" type="FAILURE">
<![CDATA[  [chromium] › auth-realistic.spec.ts:372:9 › Realistic Authentication Tests › Error Handling › should handle network errors gracefully 

    Error: page.goto: net::ERR_INTERNET_DISCONNECTED at http://localhost:3000/auth/signin
    Call log:
      - navigating to "http://localhost:3000/auth/signin", waiting until "load"


      373 |       await page.context().setOffline(true);
      374 |
    > 375 |       await page.goto("/auth/signin");
          |                  ^
      376 |       await page.fill('input[type="email"]', "test@example.com");
      377 |       await page.fill('input[type="password"]', "password123");
      378 |       await page.click('button[type="submit"]');
        at /Users/minted_tr/Desktop/linkedin-profile-evaluator/e2e/auth-realistic.spec.ts:375:18

    attachment #1: screenshot (image/png) ──────────────────────────────────────────────────────────
    test-results/auth-realistic-Realistic-A-e2e14-e-network-errors-gracefully-chromium/test-failed-1.png
    ────────────────────────────────────────────────────────────────────────────────────────────────

    attachment #2: video (video/webm) ──────────────────────────────────────────────────────────────
    test-results/auth-realistic-Realistic-A-e2e14-e-network-errors-gracefully-chromium/video.webm
    ────────────────────────────────────────────────────────────────────────────────────────────────

    Error Context: ../test-results/auth-realistic-Realistic-A-e2e14-e-network-errors-gracefully-chromium/error-context.md
]]>
</failure>
<system-out>
<![CDATA[
[[ATTACHMENT|../test-results/auth-realistic-Realistic-A-e2e14-e-network-errors-gracefully-chromium/test-failed-1.png]]

[[ATTACHMENT|../test-results/auth-realistic-Realistic-A-e2e14-e-network-errors-gracefully-chromium/video.webm]]

[[ATTACHMENT|../test-results/auth-realistic-Realistic-A-e2e14-e-network-errors-gracefully-chromium/error-context.md]]
]]>
</system-out>
</testcase>
<testcase name="Realistic Authentication Tests › Error Handling › should prevent rapid form submissions" classname="auth-realistic.spec.ts" time="7.121">
</testcase>
</testsuite>
<testsuite name="auth-simple.spec.ts" timestamp="2025-06-02T10:55:27.889Z" hostname="chromium" tests="6" failures="0" skipped="0" time="7.626" errors="0">
<testcase name="Basic Authentication Tests › should load signin page correctly" classname="auth-simple.spec.ts" time="0.789">
</testcase>
<testcase name="Basic Authentication Tests › should load signup page correctly" classname="auth-simple.spec.ts" time="0.478">
</testcase>
<testcase name="Basic Authentication Tests › should display OAuth buttons with correct text" classname="auth-simple.spec.ts" time="1.991">
</testcase>
<testcase name="Basic Authentication Tests › should navigate between auth pages" classname="auth-simple.spec.ts" time="0.995">
</testcase>
<testcase name="Basic Authentication Tests › should show validation for empty form submission" classname="auth-simple.spec.ts" time="0.715">
</testcase>
<testcase name="Basic Authentication Tests › should handle basic form submission" classname="auth-simple.spec.ts" time="2.658">
</testcase>
</testsuite>
<testsuite name="auth-working.spec.ts" timestamp="2025-06-02T10:55:27.889Z" hostname="chromium" tests="12" failures="0" skipped="0" time="11.387" errors="0">
<testcase name="Essential Authentication Tests › Basic Page Loading › should load signup page" classname="auth-working.spec.ts" time="0.509">
</testcase>
<testcase name="Essential Authentication Tests › Basic Page Loading › should load signin page" classname="auth-working.spec.ts" time="0.765">
</testcase>
<testcase name="Essential Authentication Tests › Basic Page Loading › should load forgot password page" classname="auth-working.spec.ts" time="0.746">
</testcase>
<testcase name="Essential Authentication Tests › Navigation › should navigate between auth pages" classname="auth-working.spec.ts" time="1.846">
</testcase>
<testcase name="Essential Authentication Tests › Navigation › should navigate to forgot password" classname="auth-working.spec.ts" time="1.646">
</testcase>
<testcase name="Essential Authentication Tests › Navigation › should navigate from homepage to test" classname="auth-working.spec.ts" time="1.249">
</testcase>
<testcase name="Essential Authentication Tests › OAuth Buttons › should show OAuth buttons on signin" classname="auth-working.spec.ts" time="0.764">
</testcase>
<testcase name="Essential Authentication Tests › OAuth Buttons › should show OAuth buttons on signup" classname="auth-working.spec.ts" time="0.714">
</testcase>
<testcase name="Essential Authentication Tests › Basic Form Validation › should have required attributes on form fields" classname="auth-working.spec.ts" time="0.619">
</testcase>
<testcase name="Essential Authentication Tests › Basic Form Validation › should have email type on email fields" classname="auth-working.spec.ts" time="1.024">
</testcase>
<testcase name="Essential Authentication Tests › Basic Form Input › should accept basic form input on signup" classname="auth-working.spec.ts" time="0.606">
</testcase>
<testcase name="Essential Authentication Tests › Basic Form Input › should accept basic form input on signin" classname="auth-working.spec.ts" time="0.899">
</testcase>
</testsuite>
<testsuite name="auth.spec.ts" timestamp="2025-06-02T10:55:27.889Z" hostname="chromium" tests="30" failures="6" skipped="0" time="156.791" errors="0">
<testcase name="Authentication Flow - Comprehensive E2E Tests › Navigation and UI Tests › should navigate to test page from homepage" classname="auth.spec.ts" time="0.746">
</testcase>
<testcase name="Authentication Flow - Comprehensive E2E Tests › Navigation and UI Tests › should navigate between auth pages correctly" classname="auth.spec.ts" time="1.525">
</testcase>
<testcase name="Authentication Flow - Comprehensive E2E Tests › Navigation and UI Tests › should display OAuth provider buttons" classname="auth.spec.ts" time="1.101">
</testcase>
<testcase name="Authentication Flow - Comprehensive E2E Tests › Navigation and UI Tests › should handle responsive design on mobile" classname="auth.spec.ts" time="0.696">
</testcase>
<testcase name="Authentication Flow - Comprehensive E2E Tests › Sign Up Flow › should successfully create account with valid data" classname="auth.spec.ts" time="2.718">
</testcase>
<testcase name="Authentication Flow - Comprehensive E2E Tests › Sign Up Flow › should show validation errors for empty form" classname="auth.spec.ts" time="1.056">
</testcase>
<testcase name="Authentication Flow - Comprehensive E2E Tests › Sign Up Flow › should validate email format" classname="auth.spec.ts" time="4.764">
</testcase>
<testcase name="Authentication Flow - Comprehensive E2E Tests › Sign Up Flow › should validate password strength" classname="auth.spec.ts" time="4.316">
<failure message="auth.spec.ts:166:9 should validate password strength" type="FAILURE">
<![CDATA[  [chromium] › auth.spec.ts:166:9 › Authentication Flow - Comprehensive E2E Tests › Sign Up Flow › should validate password strength 

    Error: Timed out 3000ms waiting for expect(locator).toBeVisible()

    Locator: locator('.text-red-500, .text-red-700, .error')
    Expected: visible
    Received: <element(s) not found>
    Call log:
      - expect.toBeVisible with timeout 3000ms
      - waiting for locator('.text-red-500, .text-red-700, .error')


      181 |         await expect(
      182 |           page.locator(".text-red-500, .text-red-700, .error")
    > 183 |         ).toBeVisible({
          |           ^
      184 |           timeout: 3000,
      185 |         });
      186 |
        at /Users/minted_tr/Desktop/linkedin-profile-evaluator/e2e/auth.spec.ts:183:11

    attachment #1: screenshot (image/png) ──────────────────────────────────────────────────────────
    test-results/auth-Authentication-Flow---1144e--validate-password-strength-chromium/test-failed-1.png
    ────────────────────────────────────────────────────────────────────────────────────────────────

    attachment #2: video (video/webm) ──────────────────────────────────────────────────────────────
    test-results/auth-Authentication-Flow---1144e--validate-password-strength-chromium/video.webm
    ────────────────────────────────────────────────────────────────────────────────────────────────

    Error Context: ../test-results/auth-Authentication-Flow---1144e--validate-password-strength-chromium/error-context.md
]]>
</failure>
<system-out>
<![CDATA[
[[ATTACHMENT|../test-results/auth-Authentication-Flow---1144e--validate-password-strength-chromium/test-failed-1.png]]

[[ATTACHMENT|../test-results/auth-Authentication-Flow---1144e--validate-password-strength-chromium/video.webm]]

[[ATTACHMENT|../test-results/auth-Authentication-Flow---1144e--validate-password-strength-chromium/error-context.md]]
]]>
</system-out>
</testcase>
<testcase name="Authentication Flow - Comprehensive E2E Tests › Sign Up Flow › should validate password confirmation" classname="auth.spec.ts" time="4.169">
</testcase>
<testcase name="Authentication Flow - Comprehensive E2E Tests › Sign Up Flow › should handle duplicate email registration" classname="auth.spec.ts" time="30.604">
<failure message="auth.spec.ts:215:9 should handle duplicate email registration" type="FAILURE">
<![CDATA[  [chromium] › auth.spec.ts:215:9 › Authentication Flow - Comprehensive E2E Tests › Sign Up Flow › should handle duplicate email registration 

    Test timeout of 30000ms exceeded.

    Error: page.fill: Test timeout of 30000ms exceeded.
    Call log:
      - waiting for locator('input[name="name"]')


      229 |       // Second registration with same email
      230 |       await page.goto("/auth/signup");
    > 231 |       await page.fill('input[name="name"]', "Another User");
          |                  ^
      232 |       await page.fill('input[name="email"]', testUser.email);
      233 |       await page.fill('input[name="password"]', testUser.password);
      234 |       await page.fill('input[name="confirmPassword"]', testUser.password);
        at /Users/minted_tr/Desktop/linkedin-profile-evaluator/e2e/auth.spec.ts:231:18

    attachment #1: screenshot (image/png) ──────────────────────────────────────────────────────────
    test-results/auth-Authentication-Flow---48234-uplicate-email-registration-chromium/test-failed-1.png
    ────────────────────────────────────────────────────────────────────────────────────────────────

    attachment #2: video (video/webm) ──────────────────────────────────────────────────────────────
    test-results/auth-Authentication-Flow---48234-uplicate-email-registration-chromium/video.webm
    ────────────────────────────────────────────────────────────────────────────────────────────────

    Error Context: ../test-results/auth-Authentication-Flow---48234-uplicate-email-registration-chromium/error-context.md
]]>
</failure>
<system-out>
<![CDATA[
[[ATTACHMENT|../test-results/auth-Authentication-Flow---48234-uplicate-email-registration-chromium/test-failed-1.png]]

[[ATTACHMENT|../test-results/auth-Authentication-Flow---48234-uplicate-email-registration-chromium/video.webm]]

[[ATTACHMENT|../test-results/auth-Authentication-Flow---48234-uplicate-email-registration-chromium/error-context.md]]
]]>
</system-out>
</testcase>
<testcase name="Authentication Flow - Comprehensive E2E Tests › Sign In Flow › should successfully sign in with valid credentials" classname="auth.spec.ts" time="30.786">
<failure message="auth.spec.ts:253:9 should successfully sign in with valid credentials" type="FAILURE">
<![CDATA[  [chromium] › auth.spec.ts:253:9 › Authentication Flow - Comprehensive E2E Tests › Sign In Flow › should successfully sign in with valid credentials 

    Test timeout of 30000ms exceeded.

    Error: page.fill: Test timeout of 30000ms exceeded.
    Call log:
      - waiting for locator('input[type="email"]')


      268 |       // Now try to sign in
      269 |       await page.goto("/auth/signin");
    > 270 |       await page.fill('input[type="email"]', testUser.email);
          |                  ^
      271 |       await page.fill('input[type="password"]', testUser.password);
      272 |       await page.click('button[type="submit"]');
      273 |
        at /Users/minted_tr/Desktop/linkedin-profile-evaluator/e2e/auth.spec.ts:270:18

    attachment #1: screenshot (image/png) ──────────────────────────────────────────────────────────
    test-results/auth-Authentication-Flow---90b5c-n-in-with-valid-credentials-chromium/test-failed-1.png
    ────────────────────────────────────────────────────────────────────────────────────────────────

    attachment #2: video (video/webm) ──────────────────────────────────────────────────────────────
    test-results/auth-Authentication-Flow---90b5c-n-in-with-valid-credentials-chromium/video.webm
    ────────────────────────────────────────────────────────────────────────────────────────────────

    Error Context: ../test-results/auth-Authentication-Flow---90b5c-n-in-with-valid-credentials-chromium/error-context.md
]]>
</failure>
<system-out>
<![CDATA[
[[ATTACHMENT|../test-results/auth-Authentication-Flow---90b5c-n-in-with-valid-credentials-chromium/test-failed-1.png]]

[[ATTACHMENT|../test-results/auth-Authentication-Flow---90b5c-n-in-with-valid-credentials-chromium/video.webm]]

[[ATTACHMENT|../test-results/auth-Authentication-Flow---90b5c-n-in-with-valid-credentials-chromium/error-context.md]]
]]>
</system-out>
</testcase>
<testcase name="Authentication Flow - Comprehensive E2E Tests › Sign In Flow › should show error for invalid credentials" classname="auth.spec.ts" time="11.118">
</testcase>
<testcase name="Authentication Flow - Comprehensive E2E Tests › Sign In Flow › should handle empty sign in form" classname="auth.spec.ts" time="0.583">
</testcase>
<testcase name="Authentication Flow - Comprehensive E2E Tests › Sign In Flow › should show loading state during sign in" classname="auth.spec.ts" time="0.495">
</testcase>
<testcase name="Authentication Flow - Comprehensive E2E Tests › Password Reset Flow › should navigate to forgot password page" classname="auth.spec.ts" time="0.844">
</testcase>
<testcase name="Authentication Flow - Comprehensive E2E Tests › Password Reset Flow › should handle password reset request" classname="auth.spec.ts" time="10.811">
<failure message="auth.spec.ts:351:9 should handle password reset request" type="FAILURE">
<![CDATA[  [chromium] › auth.spec.ts:351:9 › Authentication Flow - Comprehensive E2E Tests › Password Reset Flow › should handle password reset request 

    Error: Timed out 5000ms waiting for expect(locator).toBeVisible()

    Locator: locator('text=E-posta gönderildi')
    Expected: visible
    Received: <element(s) not found>
    Call log:
      - expect.toBeVisible with timeout 5000ms
      - waiting for locator('text=E-posta gönderildi')


      364 |         });
      365 |       } catch {
    > 366 |         await expect(page.locator("text=E-posta gönderildi")).toBeVisible();
          |                                                               ^
      367 |       }
      368 |     });
      369 |
        at /Users/minted_tr/Desktop/linkedin-profile-evaluator/e2e/auth.spec.ts:366:63

    attachment #1: screenshot (image/png) ──────────────────────────────────────────────────────────
    test-results/auth-Authentication-Flow---91a4e-ndle-password-reset-request-chromium/test-failed-1.png
    ────────────────────────────────────────────────────────────────────────────────────────────────

    attachment #2: video (video/webm) ──────────────────────────────────────────────────────────────
    test-results/auth-Authentication-Flow---91a4e-ndle-password-reset-request-chromium/video.webm
    ────────────────────────────────────────────────────────────────────────────────────────────────

    Error Context: ../test-results/auth-Authentication-Flow---91a4e-ndle-password-reset-request-chromium/error-context.md
]]>
</failure>
<system-out>
<![CDATA[
[[ATTACHMENT|../test-results/auth-Authentication-Flow---91a4e-ndle-password-reset-request-chromium/test-failed-1.png]]

[[ATTACHMENT|../test-results/auth-Authentication-Flow---91a4e-ndle-password-reset-request-chromium/video.webm]]

[[ATTACHMENT|../test-results/auth-Authentication-Flow---91a4e-ndle-password-reset-request-chromium/error-context.md]]
]]>
</system-out>
</testcase>
<testcase name="Authentication Flow - Comprehensive E2E Tests › Password Reset Flow › should validate email in forgot password form" classname="auth.spec.ts" time="0.419">
</testcase>
<testcase name="Authentication Flow - Comprehensive E2E Tests › Password Reset Flow › should handle empty email in forgot password" classname="auth.spec.ts" time="0.418">
</testcase>
<testcase name="Authentication Flow - Comprehensive E2E Tests › Protected Routes and Authentication State › should redirect unauthenticated users from protected routes" classname="auth.spec.ts" time="5.566">
<failure message="auth.spec.ts:399:9 should redirect unauthenticated users from protected routes" type="FAILURE">
<![CDATA[  [chromium] › auth.spec.ts:399:9 › Authentication Flow - Comprehensive E2E Tests › Protected Routes and Authentication State › should redirect unauthenticated users from protected routes 

    Error: Timed out 5000ms waiting for expect(locator).toHaveURL(expected)

    Locator: locator(':root')
    Expected string: "http://localhost:3000/auth/signin"
    Received string: "http://localhost:3000/auth/signin?callbackUrl=http%3A%2F%2Flocalhost%3A3000%2Fdashboard"
    Call log:
      - expect.toHaveURL with timeout 5000ms
      - waiting for locator(':root')
        9 × locator resolved to <html lang="tr" class="__variable_e8ce0c">…</html>
          - unexpected value "http://localhost:3000/auth/signin?callbackUrl=http%3A%2F%2Flocalhost%3A3000%2Fdashboard"


      414 |
      415 |         // Should redirect to signin page
    > 416 |         await expect(page).toHaveURL("/auth/signin", { timeout: 5000 });
          |                            ^
      417 |       }
      418 |     });
      419 |
        at /Users/minted_tr/Desktop/linkedin-profile-evaluator/e2e/auth.spec.ts:416:28

    attachment #1: screenshot (image/png) ──────────────────────────────────────────────────────────
    test-results/auth-Authentication-Flow---36cd7-users-from-protected-routes-chromium/test-failed-1.png
    ────────────────────────────────────────────────────────────────────────────────────────────────

    attachment #2: video (video/webm) ──────────────────────────────────────────────────────────────
    test-results/auth-Authentication-Flow---36cd7-users-from-protected-routes-chromium/video.webm
    ────────────────────────────────────────────────────────────────────────────────────────────────

    Error Context: ../test-results/auth-Authentication-Flow---36cd7-users-from-protected-routes-chromium/error-context.md
]]>
</failure>
<system-out>
<![CDATA[
[[ATTACHMENT|../test-results/auth-Authentication-Flow---36cd7-users-from-protected-routes-chromium/test-failed-1.png]]

[[ATTACHMENT|../test-results/auth-Authentication-Flow---36cd7-users-from-protected-routes-chromium/video.webm]]

[[ATTACHMENT|../test-results/auth-Authentication-Flow---36cd7-users-from-protected-routes-chromium/error-context.md]]
]]>
</system-out>
</testcase>
<testcase name="Authentication Flow - Comprehensive E2E Tests › Protected Routes and Authentication State › should allow authenticated users to access protected routes" classname="auth.spec.ts" time="4.105">
</testcase>
<testcase name="Authentication Flow - Comprehensive E2E Tests › Protected Routes and Authentication State › should handle session persistence across page reloads" classname="auth.spec.ts" time="4.518">
</testcase>
<testcase name="Authentication Flow - Comprehensive E2E Tests › Protected Routes and Authentication State › should handle logout functionality" classname="auth.spec.ts" time="3.825">
</testcase>
<testcase name="Authentication Flow - Comprehensive E2E Tests › Edge Cases and Error Handling › should handle network errors gracefully" classname="auth.spec.ts" time="0.12">
<failure message="auth.spec.ts:516:9 should handle network errors gracefully" type="FAILURE">
<![CDATA[  [chromium] › auth.spec.ts:516:9 › Authentication Flow - Comprehensive E2E Tests › Edge Cases and Error Handling › should handle network errors gracefully 

    Error: page.goto: net::ERR_INTERNET_DISCONNECTED at http://localhost:3000/auth/signin
    Call log:
      - navigating to "http://localhost:3000/auth/signin", waiting until "load"


      518 |       await page.context().setOffline(true);
      519 |
    > 520 |       await page.goto("/auth/signin");
          |                  ^
      521 |       await page.fill('input[type="email"]', "test@example.com");
      522 |       await page.fill('input[type="password"]', "password123");
      523 |       await page.click('button[type="submit"]');
        at /Users/minted_tr/Desktop/linkedin-profile-evaluator/e2e/auth.spec.ts:520:18

    attachment #1: screenshot (image/png) ──────────────────────────────────────────────────────────
    test-results/auth-Authentication-Flow---f14ba-e-network-errors-gracefully-chromium/test-failed-1.png
    ────────────────────────────────────────────────────────────────────────────────────────────────

    attachment #2: video (video/webm) ──────────────────────────────────────────────────────────────
    test-results/auth-Authentication-Flow---f14ba-e-network-errors-gracefully-chromium/video.webm
    ────────────────────────────────────────────────────────────────────────────────────────────────

    Error Context: ../test-results/auth-Authentication-Flow---f14ba-e-network-errors-gracefully-chromium/error-context.md
]]>
</failure>
<system-out>
<![CDATA[
[[ATTACHMENT|../test-results/auth-Authentication-Flow---f14ba-e-network-errors-gracefully-chromium/test-failed-1.png]]

[[ATTACHMENT|../test-results/auth-Authentication-Flow---f14ba-e-network-errors-gracefully-chromium/video.webm]]

[[ATTACHMENT|../test-results/auth-Authentication-Flow---f14ba-e-network-errors-gracefully-chromium/error-context.md]]
]]>
</system-out>
</testcase>
<testcase name="Authentication Flow - Comprehensive E2E Tests › Edge Cases and Error Handling › should handle rapid form submissions" classname="auth.spec.ts" time="2.405">
</testcase>
<testcase name="Authentication Flow - Comprehensive E2E Tests › Edge Cases and Error Handling › should handle special characters in passwords" classname="auth.spec.ts" time="3.969">
</testcase>
<testcase name="Authentication Flow - Comprehensive E2E Tests › Edge Cases and Error Handling › should handle very long email addresses" classname="auth.spec.ts" time="3.915">
</testcase>
<testcase name="Authentication Flow - Comprehensive E2E Tests › Edge Cases and Error Handling › should handle concurrent user registrations" classname="auth.spec.ts" time="5.797">
</testcase>
<testcase name="Authentication Flow - Comprehensive E2E Tests › Security Tests › should prevent SQL injection in auth forms" classname="auth.spec.ts" time="3.039">
</testcase>
<testcase name="Authentication Flow - Comprehensive E2E Tests › Security Tests › should prevent XSS in form inputs" classname="auth.spec.ts" time="11.875">
</testcase>
<testcase name="Authentication Flow - Comprehensive E2E Tests › Security Tests › should have proper CSRF protection" classname="auth.spec.ts" time="0.488">
</testcase>
</testsuite>
<testsuite name="auth-realistic.spec.ts" timestamp="2025-06-02T10:55:27.889Z" hostname="firefox" tests="20" failures="5" skipped="0" time="78.117" errors="0">
<testcase name="Realistic Authentication Tests › Sign Up Flow › should successfully load and fill signup form" classname="auth-realistic.spec.ts" time="2.814">
</testcase>
<testcase name="Realistic Authentication Tests › Sign Up Flow › should have proper form validation attributes" classname="auth-realistic.spec.ts" time="2.979">
</testcase>
<testcase name="Realistic Authentication Tests › Sign Up Flow › should validate password length (minimum 8 characters)" classname="auth-realistic.spec.ts" time="2.441">
</testcase>
<testcase name="Realistic Authentication Tests › Sign Up Flow › should validate password confirmation" classname="auth-realistic.spec.ts" time="1.139">
</testcase>
<testcase name="Realistic Authentication Tests › Sign Up Flow › should validate required fields" classname="auth-realistic.spec.ts" time="4.132">
<failure message="auth-realistic.spec.ts:117:9 should validate required fields" type="FAILURE">
<![CDATA[  [firefox] › auth-realistic.spec.ts:117:9 › Realistic Authentication Tests › Sign Up Flow › should validate required fields 

    Error: Timed out 3000ms waiting for expect(locator).toBeVisible()

    Locator: locator('text=Ad Soyad gereklidir')
    Expected: visible
    Received: <element(s) not found>
    Call log:
      - expect.toBeVisible with timeout 3000ms
      - waiting for locator('text=Ad Soyad gereklidir')


      125 |       await page.click('button[type="submit"]');
      126 |
    > 127 |       await expect(page.locator("text=Ad Soyad gereklidir")).toBeVisible({
          |                                                              ^
      128 |         timeout: 3000,
      129 |       });
      130 |
        at /Users/minted_tr/Desktop/linkedin-profile-evaluator/e2e/auth-realistic.spec.ts:127:62

    attachment #1: screenshot (image/png) ──────────────────────────────────────────────────────────
    test-results/auth-realistic-Realistic-A-028e5-ld-validate-required-fields-firefox/test-failed-1.png
    ────────────────────────────────────────────────────────────────────────────────────────────────

    attachment #2: video (video/webm) ──────────────────────────────────────────────────────────────
    test-results/auth-realistic-Realistic-A-028e5-ld-validate-required-fields-firefox/video.webm
    ────────────────────────────────────────────────────────────────────────────────────────────────

    Error Context: ../test-results/auth-realistic-Realistic-A-028e5-ld-validate-required-fields-firefox/error-context.md
]]>
</failure>
<system-out>
<![CDATA[
[[ATTACHMENT|../test-results/auth-realistic-Realistic-A-028e5-ld-validate-required-fields-firefox/test-failed-1.png]]

[[ATTACHMENT|../test-results/auth-realistic-Realistic-A-028e5-ld-validate-required-fields-firefox/video.webm]]

[[ATTACHMENT|../test-results/auth-realistic-Realistic-A-028e5-ld-validate-required-fields-firefox/error-context.md]]
]]>
</system-out>
</testcase>
<testcase name="Realistic Authentication Tests › Sign Up Flow › should handle duplicate email registration" classname="auth-realistic.spec.ts" time="30.097">
<failure message="auth-realistic.spec.ts:144:9 should handle duplicate email registration" type="FAILURE">
<![CDATA[  [firefox] › auth-realistic.spec.ts:144:9 › Realistic Authentication Tests › Sign Up Flow › should handle duplicate email registration 

    Test timeout of 30000ms exceeded.

    Error: page.fill: Test timeout of 30000ms exceeded.
    Call log:
      - waiting for locator('input[name="name"]')


      158 |       // Second registration with same email
      159 |       await page.goto("/auth/signup");
    > 160 |       await page.fill('input[name="name"]', "Another User");
          |                  ^
      161 |       await page.fill('input[name="email"]', testUser.email);
      162 |       await page.fill('input[name="password"]', testUser.password);
      163 |       await page.fill('input[name="confirmPassword"]', testUser.password);
        at /Users/minted_tr/Desktop/linkedin-profile-evaluator/e2e/auth-realistic.spec.ts:160:18

    attachment #1: screenshot (image/png) ──────────────────────────────────────────────────────────
    test-results/auth-realistic-Realistic-A-1e19b-uplicate-email-registration-firefox/test-failed-1.png
    ────────────────────────────────────────────────────────────────────────────────────────────────

    attachment #2: video (video/webm) ──────────────────────────────────────────────────────────────
    test-results/auth-realistic-Realistic-A-1e19b-uplicate-email-registration-firefox/video.webm
    ────────────────────────────────────────────────────────────────────────────────────────────────

    Error Context: ../test-results/auth-realistic-Realistic-A-1e19b-uplicate-email-registration-firefox/error-context.md
]]>
</failure>
<system-out>
<![CDATA[
[[ATTACHMENT|../test-results/auth-realistic-Realistic-A-1e19b-uplicate-email-registration-firefox/test-failed-1.png]]

[[ATTACHMENT|../test-results/auth-realistic-Realistic-A-1e19b-uplicate-email-registration-firefox/video.webm]]

[[ATTACHMENT|../test-results/auth-realistic-Realistic-A-1e19b-uplicate-email-registration-firefox/error-context.md]]
]]>
</system-out>
</testcase>
<testcase name="Realistic Authentication Tests › Sign In Flow › should successfully load and fill signin form" classname="auth-realistic.spec.ts" time="1.989">
</testcase>
<testcase name="Realistic Authentication Tests › Sign In Flow › should have submit button that can be clicked" classname="auth-realistic.spec.ts" time="1.895">
</testcase>
<testcase name="Realistic Authentication Tests › Sign In Flow › should show error for invalid credentials" classname="auth-realistic.spec.ts" time="1.441">
</testcase>
<testcase name="Realistic Authentication Tests › Sign In Flow › should show loading state during sign in" classname="auth-realistic.spec.ts" time="1.515">
</testcase>
<testcase name="Realistic Authentication Tests › Navigation Tests › should navigate between auth pages" classname="auth-realistic.spec.ts" time="2.249">
</testcase>
<testcase name="Realistic Authentication Tests › Navigation Tests › should have working OAuth buttons" classname="auth-realistic.spec.ts" time="0.917">
</testcase>
<testcase name="Realistic Authentication Tests › Navigation Tests › should navigate to forgot password" classname="auth-realistic.spec.ts" time="1.263">
</testcase>
<testcase name="Realistic Authentication Tests › Page Loading Tests › should load signin page without errors" classname="auth-realistic.spec.ts" time="0.868">
</testcase>
<testcase name="Realistic Authentication Tests › Page Loading Tests › should load signup page without errors" classname="auth-realistic.spec.ts" time="0.791">
</testcase>
<testcase name="Realistic Authentication Tests › Page Loading Tests › should load forgot password page if it exists" classname="auth-realistic.spec.ts" time="0.808">
</testcase>
<testcase name="Realistic Authentication Tests › Protected Routes › should redirect unauthenticated users" classname="auth-realistic.spec.ts" time="5.796">
<failure message="auth-realistic.spec.ts:340:9 should redirect unauthenticated users" type="FAILURE">
<![CDATA[  [firefox] › auth-realistic.spec.ts:340:9 › Realistic Authentication Tests › Protected Routes › should redirect unauthenticated users 

    Error: Timed out 5000ms waiting for expect(locator).toHaveURL(expected)

    Locator: locator(':root')
    Expected string: "http://localhost:3000/auth/signin"
    Received string: "http://localhost:3000/auth/signin?callbackUrl=http%3A%2F%2Flocalhost%3A3000%2Fdashboard"
    Call log:
      - expect.toHaveURL with timeout 5000ms
      - waiting for locator(':root')
        9 × locator resolved to <html lang="tr" class="__variable_e8ce0c">…</html>
          - unexpected value "http://localhost:3000/auth/signin?callbackUrl=http%3A%2F%2Flocalhost%3A3000%2Fdashboard"


      343 |       for (const route of protectedRoutes) {
      344 |         await page.goto(route);
    > 345 |         await expect(page).toHaveURL("/auth/signin", { timeout: 5000 });
          |                            ^
      346 |       }
      347 |     });
      348 |
        at /Users/minted_tr/Desktop/linkedin-profile-evaluator/e2e/auth-realistic.spec.ts:345:28

    attachment #1: screenshot (image/png) ──────────────────────────────────────────────────────────
    test-results/auth-realistic-Realistic-A-c256c-irect-unauthenticated-users-firefox/test-failed-1.png
    ────────────────────────────────────────────────────────────────────────────────────────────────

    attachment #2: video (video/webm) ──────────────────────────────────────────────────────────────
    test-results/auth-realistic-Realistic-A-c256c-irect-unauthenticated-users-firefox/video.webm
    ────────────────────────────────────────────────────────────────────────────────────────────────

    Error Context: ../test-results/auth-realistic-Realistic-A-c256c-irect-unauthenticated-users-firefox/error-context.md
]]>
</failure>
<system-out>
<![CDATA[
[[ATTACHMENT|../test-results/auth-realistic-Realistic-A-c256c-irect-unauthenticated-users-firefox/test-failed-1.png]]

[[ATTACHMENT|../test-results/auth-realistic-Realistic-A-c256c-irect-unauthenticated-users-firefox/video.webm]]

[[ATTACHMENT|../test-results/auth-realistic-Realistic-A-c256c-irect-unauthenticated-users-firefox/error-context.md]]
]]>
</system-out>
</testcase>
<testcase name="Realistic Authentication Tests › Protected Routes › should allow authenticated users access" classname="auth-realistic.spec.ts" time="9.058">
<failure message="auth-realistic.spec.ts:349:9 should allow authenticated users access" type="FAILURE">
<![CDATA[  [firefox] › auth-realistic.spec.ts:349:9 › Realistic Authentication Tests › Protected Routes › should allow authenticated users access 

    Error: Timed out 5000ms waiting for expect(locator).toHaveURL(expected)

    Locator: locator(':root')
    Expected string: "http://localhost:3000/dashboard"
    Received string: "http://localhost:3000/auth/signin?callbackUrl=http%3A%2F%2Flocalhost%3A3000%2Fdashboard"
    Call log:
      - expect.toHaveURL with timeout 5000ms
      - waiting for locator(':root')
        9 × locator resolved to <html lang="tr" class="__variable_e8ce0c">…</html>
          - unexpected value "http://localhost:3000/auth/signin?callbackUrl=http%3A%2F%2Flocalhost%3A3000%2Fdashboard"


      362 |       // Now try accessing protected routes
      363 |       await page.goto("/dashboard");
    > 364 |       await expect(page).toHaveURL("/dashboard");
          |                          ^
      365 |
      366 |       await page.goto("/test");
      367 |       await expect(page).toHaveURL("/test");
        at /Users/minted_tr/Desktop/linkedin-profile-evaluator/e2e/auth-realistic.spec.ts:364:26

    attachment #1: screenshot (image/png) ──────────────────────────────────────────────────────────
    test-results/auth-realistic-Realistic-A-666a9--authenticated-users-access-firefox/test-failed-1.png
    ────────────────────────────────────────────────────────────────────────────────────────────────

    attachment #2: video (video/webm) ──────────────────────────────────────────────────────────────
    test-results/auth-realistic-Realistic-A-666a9--authenticated-users-access-firefox/video.webm
    ────────────────────────────────────────────────────────────────────────────────────────────────

    Error Context: ../test-results/auth-realistic-Realistic-A-666a9--authenticated-users-access-firefox/error-context.md
]]>
</failure>
<system-out>
<![CDATA[
[[ATTACHMENT|../test-results/auth-realistic-Realistic-A-666a9--authenticated-users-access-firefox/test-failed-1.png]]

[[ATTACHMENT|../test-results/auth-realistic-Realistic-A-666a9--authenticated-users-access-firefox/video.webm]]

[[ATTACHMENT|../test-results/auth-realistic-Realistic-A-666a9--authenticated-users-access-firefox/error-context.md]]
]]>
</system-out>
</testcase>
<testcase name="Realistic Authentication Tests › Error Handling › should handle network errors gracefully" classname="auth-realistic.spec.ts" time="0.374">
<failure message="auth-realistic.spec.ts:372:9 should handle network errors gracefully" type="FAILURE">
<![CDATA[  [firefox] › auth-realistic.spec.ts:372:9 › Realistic Authentication Tests › Error Handling › should handle network errors gracefully 

    Error: page.goto: NS_ERROR_OFFLINE
    Call log:
      - navigating to "http://localhost:3000/auth/signin", waiting until "load"


      373 |       await page.context().setOffline(true);
      374 |
    > 375 |       await page.goto("/auth/signin");
          |                  ^
      376 |       await page.fill('input[type="email"]', "test@example.com");
      377 |       await page.fill('input[type="password"]', "password123");
      378 |       await page.click('button[type="submit"]');
        at /Users/minted_tr/Desktop/linkedin-profile-evaluator/e2e/auth-realistic.spec.ts:375:18

    attachment #1: screenshot (image/png) ──────────────────────────────────────────────────────────
    test-results/auth-realistic-Realistic-A-e2e14-e-network-errors-gracefully-firefox/test-failed-1.png
    ────────────────────────────────────────────────────────────────────────────────────────────────

    attachment #2: video (video/webm) ──────────────────────────────────────────────────────────────
    test-results/auth-realistic-Realistic-A-e2e14-e-network-errors-gracefully-firefox/video.webm
    ────────────────────────────────────────────────────────────────────────────────────────────────

    Error Context: ../test-results/auth-realistic-Realistic-A-e2e14-e-network-errors-gracefully-firefox/error-context.md
]]>
</failure>
<system-out>
<![CDATA[
[[ATTACHMENT|../test-results/auth-realistic-Realistic-A-e2e14-e-network-errors-gracefully-firefox/test-failed-1.png]]

[[ATTACHMENT|../test-results/auth-realistic-Realistic-A-e2e14-e-network-errors-gracefully-firefox/video.webm]]

[[ATTACHMENT|../test-results/auth-realistic-Realistic-A-e2e14-e-network-errors-gracefully-firefox/error-context.md]]
]]>
</system-out>
</testcase>
<testcase name="Realistic Authentication Tests › Error Handling › should prevent rapid form submissions" classname="auth-realistic.spec.ts" time="5.551">
</testcase>
</testsuite>
<testsuite name="auth-simple.spec.ts" timestamp="2025-06-02T10:55:27.889Z" hostname="firefox" tests="6" failures="0" skipped="0" time="7.06" errors="0">
<testcase name="Basic Authentication Tests › should load signin page correctly" classname="auth-simple.spec.ts" time="0.957">
</testcase>
<testcase name="Basic Authentication Tests › should load signup page correctly" classname="auth-simple.spec.ts" time="0.805">
</testcase>
<testcase name="Basic Authentication Tests › should display OAuth buttons with correct text" classname="auth-simple.spec.ts" time="1.082">
</testcase>
<testcase name="Basic Authentication Tests › should navigate between auth pages" classname="auth-simple.spec.ts" time="0.873">
</testcase>
<testcase name="Basic Authentication Tests › should show validation for empty form submission" classname="auth-simple.spec.ts" time="0.607">
</testcase>
<testcase name="Basic Authentication Tests › should handle basic form submission" classname="auth-simple.spec.ts" time="2.736">
</testcase>
</testsuite>
<testsuite name="auth-working.spec.ts" timestamp="2025-06-02T10:55:27.889Z" hostname="firefox" tests="12" failures="0" skipped="0" time="10.832" errors="0">
<testcase name="Essential Authentication Tests › Basic Page Loading › should load signup page" classname="auth-working.spec.ts" time="0.625">
</testcase>
<testcase name="Essential Authentication Tests › Basic Page Loading › should load signin page" classname="auth-working.spec.ts" time="1.102">
</testcase>
<testcase name="Essential Authentication Tests › Basic Page Loading › should load forgot password page" classname="auth-working.spec.ts" time="0.812">
</testcase>
<testcase name="Essential Authentication Tests › Navigation › should navigate between auth pages" classname="auth-working.spec.ts" time="0.999">
</testcase>
<testcase name="Essential Authentication Tests › Navigation › should navigate to forgot password" classname="auth-working.spec.ts" time="0.835">
</testcase>
<testcase name="Essential Authentication Tests › Navigation › should navigate from homepage to test" classname="auth-working.spec.ts" time="1.246">
</testcase>
<testcase name="Essential Authentication Tests › OAuth Buttons › should show OAuth buttons on signin" classname="auth-working.spec.ts" time="0.774">
</testcase>
<testcase name="Essential Authentication Tests › OAuth Buttons › should show OAuth buttons on signup" classname="auth-working.spec.ts" time="0.681">
</testcase>
<testcase name="Essential Authentication Tests › Basic Form Validation › should have required attributes on form fields" classname="auth-working.spec.ts" time="0.658">
</testcase>
<testcase name="Essential Authentication Tests › Basic Form Validation › should have email type on email fields" classname="auth-working.spec.ts" time="1.187">
</testcase>
<testcase name="Essential Authentication Tests › Basic Form Input › should accept basic form input on signup" classname="auth-working.spec.ts" time="0.79">
</testcase>
<testcase name="Essential Authentication Tests › Basic Form Input › should accept basic form input on signin" classname="auth-working.spec.ts" time="1.123">
</testcase>
</testsuite>
<testsuite name="auth.spec.ts" timestamp="2025-06-02T10:55:27.889Z" hostname="firefox" tests="30" failures="7" skipped="0" time="189.123" errors="0">
<testcase name="Authentication Flow - Comprehensive E2E Tests › Navigation and UI Tests › should navigate to test page from homepage" classname="auth.spec.ts" time="0.868">
</testcase>
<testcase name="Authentication Flow - Comprehensive E2E Tests › Navigation and UI Tests › should navigate between auth pages correctly" classname="auth.spec.ts" time="2.064">
</testcase>
<testcase name="Authentication Flow - Comprehensive E2E Tests › Navigation and UI Tests › should display OAuth provider buttons" classname="auth.spec.ts" time="1.206">
</testcase>
<testcase name="Authentication Flow - Comprehensive E2E Tests › Navigation and UI Tests › should handle responsive design on mobile" classname="auth.spec.ts" time="0.712">
</testcase>
<testcase name="Authentication Flow - Comprehensive E2E Tests › Sign Up Flow › should successfully create account with valid data" classname="auth.spec.ts" time="2.68">
</testcase>
<testcase name="Authentication Flow - Comprehensive E2E Tests › Sign Up Flow › should show validation errors for empty form" classname="auth.spec.ts" time="0.733">
</testcase>
<testcase name="Authentication Flow - Comprehensive E2E Tests › Sign Up Flow › should validate email format" classname="auth.spec.ts" time="5.115">
</testcase>
<testcase name="Authentication Flow - Comprehensive E2E Tests › Sign Up Flow › should validate password strength" classname="auth.spec.ts" time="4.86">
<failure message="auth.spec.ts:166:9 should validate password strength" type="FAILURE">
<![CDATA[  [firefox] › auth.spec.ts:166:9 › Authentication Flow - Comprehensive E2E Tests › Sign Up Flow › should validate password strength 

    Error: Timed out 3000ms waiting for expect(locator).toBeVisible()

    Locator: locator('.text-red-500, .text-red-700, .error')
    Expected: visible
    Received: <element(s) not found>
    Call log:
      - expect.toBeVisible with timeout 3000ms
      - waiting for locator('.text-red-500, .text-red-700, .error')


      181 |         await expect(
      182 |           page.locator(".text-red-500, .text-red-700, .error")
    > 183 |         ).toBeVisible({
          |           ^
      184 |           timeout: 3000,
      185 |         });
      186 |
        at /Users/minted_tr/Desktop/linkedin-profile-evaluator/e2e/auth.spec.ts:183:11

    attachment #1: screenshot (image/png) ──────────────────────────────────────────────────────────
    test-results/auth-Authentication-Flow---1144e--validate-password-strength-firefox/test-failed-1.png
    ────────────────────────────────────────────────────────────────────────────────────────────────

    attachment #2: video (video/webm) ──────────────────────────────────────────────────────────────
    test-results/auth-Authentication-Flow---1144e--validate-password-strength-firefox/video.webm
    ────────────────────────────────────────────────────────────────────────────────────────────────

    Error Context: ../test-results/auth-Authentication-Flow---1144e--validate-password-strength-firefox/error-context.md
]]>
</failure>
<system-out>
<![CDATA[
[[ATTACHMENT|../test-results/auth-Authentication-Flow---1144e--validate-password-strength-firefox/test-failed-1.png]]

[[ATTACHMENT|../test-results/auth-Authentication-Flow---1144e--validate-password-strength-firefox/video.webm]]

[[ATTACHMENT|../test-results/auth-Authentication-Flow---1144e--validate-password-strength-firefox/error-context.md]]
]]>
</system-out>
</testcase>
<testcase name="Authentication Flow - Comprehensive E2E Tests › Sign Up Flow › should validate password confirmation" classname="auth.spec.ts" time="4.25">
</testcase>
<testcase name="Authentication Flow - Comprehensive E2E Tests › Sign Up Flow › should handle duplicate email registration" classname="auth.spec.ts" time="30.092">
<failure message="auth.spec.ts:215:9 should handle duplicate email registration" type="FAILURE">
<![CDATA[  [firefox] › auth.spec.ts:215:9 › Authentication Flow - Comprehensive E2E Tests › Sign Up Flow › should handle duplicate email registration 

    Test timeout of 30000ms exceeded.

    Error: page.fill: Test timeout of 30000ms exceeded.
    Call log:
      - waiting for locator('input[name="name"]')


      229 |       // Second registration with same email
      230 |       await page.goto("/auth/signup");
    > 231 |       await page.fill('input[name="name"]', "Another User");
          |                  ^
      232 |       await page.fill('input[name="email"]', testUser.email);
      233 |       await page.fill('input[name="password"]', testUser.password);
      234 |       await page.fill('input[name="confirmPassword"]', testUser.password);
        at /Users/minted_tr/Desktop/linkedin-profile-evaluator/e2e/auth.spec.ts:231:18

    attachment #1: screenshot (image/png) ──────────────────────────────────────────────────────────
    test-results/auth-Authentication-Flow---48234-uplicate-email-registration-firefox/test-failed-1.png
    ────────────────────────────────────────────────────────────────────────────────────────────────

    attachment #2: video (video/webm) ──────────────────────────────────────────────────────────────
    test-results/auth-Authentication-Flow---48234-uplicate-email-registration-firefox/video.webm
    ────────────────────────────────────────────────────────────────────────────────────────────────

    Error Context: ../test-results/auth-Authentication-Flow---48234-uplicate-email-registration-firefox/error-context.md
]]>
</failure>
<system-out>
<![CDATA[
[[ATTACHMENT|../test-results/auth-Authentication-Flow---48234-uplicate-email-registration-firefox/test-failed-1.png]]

[[ATTACHMENT|../test-results/auth-Authentication-Flow---48234-uplicate-email-registration-firefox/video.webm]]

[[ATTACHMENT|../test-results/auth-Authentication-Flow---48234-uplicate-email-registration-firefox/error-context.md]]
]]>
</system-out>
</testcase>
<testcase name="Authentication Flow - Comprehensive E2E Tests › Sign In Flow › should successfully sign in with valid credentials" classname="auth.spec.ts" time="30.159">
<failure message="auth.spec.ts:253:9 should successfully sign in with valid credentials" type="FAILURE">
<![CDATA[  [firefox] › auth.spec.ts:253:9 › Authentication Flow - Comprehensive E2E Tests › Sign In Flow › should successfully sign in with valid credentials 

    Test timeout of 30000ms exceeded.

    Error: page.fill: Test timeout of 30000ms exceeded.
    Call log:
      - waiting for locator('input[type="email"]')


      268 |       // Now try to sign in
      269 |       await page.goto("/auth/signin");
    > 270 |       await page.fill('input[type="email"]', testUser.email);
          |                  ^
      271 |       await page.fill('input[type="password"]', testUser.password);
      272 |       await page.click('button[type="submit"]');
      273 |
        at /Users/minted_tr/Desktop/linkedin-profile-evaluator/e2e/auth.spec.ts:270:18

    attachment #1: screenshot (image/png) ──────────────────────────────────────────────────────────
    test-results/auth-Authentication-Flow---90b5c-n-in-with-valid-credentials-firefox/test-failed-1.png
    ────────────────────────────────────────────────────────────────────────────────────────────────

    attachment #2: video (video/webm) ──────────────────────────────────────────────────────────────
    test-results/auth-Authentication-Flow---90b5c-n-in-with-valid-credentials-firefox/video.webm
    ────────────────────────────────────────────────────────────────────────────────────────────────

    Error Context: ../test-results/auth-Authentication-Flow---90b5c-n-in-with-valid-credentials-firefox/error-context.md
]]>
</failure>
<system-out>
<![CDATA[
[[ATTACHMENT|../test-results/auth-Authentication-Flow---90b5c-n-in-with-valid-credentials-firefox/test-failed-1.png]]

[[ATTACHMENT|../test-results/auth-Authentication-Flow---90b5c-n-in-with-valid-credentials-firefox/video.webm]]

[[ATTACHMENT|../test-results/auth-Authentication-Flow---90b5c-n-in-with-valid-credentials-firefox/error-context.md]]
]]>
</system-out>
</testcase>
<testcase name="Authentication Flow - Comprehensive E2E Tests › Sign In Flow › should show error for invalid credentials" classname="auth.spec.ts" time="13.135">
</testcase>
<testcase name="Authentication Flow - Comprehensive E2E Tests › Sign In Flow › should handle empty sign in form" classname="auth.spec.ts" time="1.38">
</testcase>
<testcase name="Authentication Flow - Comprehensive E2E Tests › Sign In Flow › should show loading state during sign in" classname="auth.spec.ts" time="1.06">
</testcase>
<testcase name="Authentication Flow - Comprehensive E2E Tests › Password Reset Flow › should navigate to forgot password page" classname="auth.spec.ts" time="1.078">
</testcase>
<testcase name="Authentication Flow - Comprehensive E2E Tests › Password Reset Flow › should handle password reset request" classname="auth.spec.ts" time="10.634">
<failure message="auth.spec.ts:351:9 should handle password reset request" type="FAILURE">
<![CDATA[  [firefox] › auth.spec.ts:351:9 › Authentication Flow - Comprehensive E2E Tests › Password Reset Flow › should handle password reset request 

    Error: Timed out 5000ms waiting for expect(locator).toBeVisible()

    Locator: locator('text=E-posta gönderildi')
    Expected: visible
    Received: <element(s) not found>
    Call log:
      - expect.toBeVisible with timeout 5000ms
      - waiting for locator('text=E-posta gönderildi')


      364 |         });
      365 |       } catch {
    > 366 |         await expect(page.locator("text=E-posta gönderildi")).toBeVisible();
          |                                                               ^
      367 |       }
      368 |     });
      369 |
        at /Users/minted_tr/Desktop/linkedin-profile-evaluator/e2e/auth.spec.ts:366:63

    attachment #1: screenshot (image/png) ──────────────────────────────────────────────────────────
    test-results/auth-Authentication-Flow---91a4e-ndle-password-reset-request-firefox/test-failed-1.png
    ────────────────────────────────────────────────────────────────────────────────────────────────

    attachment #2: video (video/webm) ──────────────────────────────────────────────────────────────
    test-results/auth-Authentication-Flow---91a4e-ndle-password-reset-request-firefox/video.webm
    ────────────────────────────────────────────────────────────────────────────────────────────────

    Error Context: ../test-results/auth-Authentication-Flow---91a4e-ndle-password-reset-request-firefox/error-context.md
]]>
</failure>
<system-out>
<![CDATA[
[[ATTACHMENT|../test-results/auth-Authentication-Flow---91a4e-ndle-password-reset-request-firefox/test-failed-1.png]]

[[ATTACHMENT|../test-results/auth-Authentication-Flow---91a4e-ndle-password-reset-request-firefox/video.webm]]

[[ATTACHMENT|../test-results/auth-Authentication-Flow---91a4e-ndle-password-reset-request-firefox/error-context.md]]
]]>
</system-out>
</testcase>
<testcase name="Authentication Flow - Comprehensive E2E Tests › Password Reset Flow › should validate email in forgot password form" classname="auth.spec.ts" time="0.57">
</testcase>
<testcase name="Authentication Flow - Comprehensive E2E Tests › Password Reset Flow › should handle empty email in forgot password" classname="auth.spec.ts" time="0.905">
</testcase>
<testcase name="Authentication Flow - Comprehensive E2E Tests › Protected Routes and Authentication State › should redirect unauthenticated users from protected routes" classname="auth.spec.ts" time="5.654">
<failure message="auth.spec.ts:399:9 should redirect unauthenticated users from protected routes" type="FAILURE">
<![CDATA[  [firefox] › auth.spec.ts:399:9 › Authentication Flow - Comprehensive E2E Tests › Protected Routes and Authentication State › should redirect unauthenticated users from protected routes 

    Error: Timed out 5000ms waiting for expect(locator).toHaveURL(expected)

    Locator: locator(':root')
    Expected string: "http://localhost:3000/auth/signin"
    Received string: "http://localhost:3000/auth/signin?callbackUrl=http%3A%2F%2Flocalhost%3A3000%2Fdashboard"
    Call log:
      - expect.toHaveURL with timeout 5000ms
      - waiting for locator(':root')
        9 × locator resolved to <html lang="tr" class="__variable_e8ce0c">…</html>
          - unexpected value "http://localhost:3000/auth/signin?callbackUrl=http%3A%2F%2Flocalhost%3A3000%2Fdashboard"


      414 |
      415 |         // Should redirect to signin page
    > 416 |         await expect(page).toHaveURL("/auth/signin", { timeout: 5000 });
          |                            ^
      417 |       }
      418 |     });
      419 |
        at /Users/minted_tr/Desktop/linkedin-profile-evaluator/e2e/auth.spec.ts:416:28

    attachment #1: screenshot (image/png) ──────────────────────────────────────────────────────────
    test-results/auth-Authentication-Flow---36cd7-users-from-protected-routes-firefox/test-failed-1.png
    ────────────────────────────────────────────────────────────────────────────────────────────────

    attachment #2: video (video/webm) ──────────────────────────────────────────────────────────────
    test-results/auth-Authentication-Flow---36cd7-users-from-protected-routes-firefox/video.webm
    ────────────────────────────────────────────────────────────────────────────────────────────────

    Error Context: ../test-results/auth-Authentication-Flow---36cd7-users-from-protected-routes-firefox/error-context.md
]]>
</failure>
<system-out>
<![CDATA[
[[ATTACHMENT|../test-results/auth-Authentication-Flow---36cd7-users-from-protected-routes-firefox/test-failed-1.png]]

[[ATTACHMENT|../test-results/auth-Authentication-Flow---36cd7-users-from-protected-routes-firefox/video.webm]]

[[ATTACHMENT|../test-results/auth-Authentication-Flow---36cd7-users-from-protected-routes-firefox/error-context.md]]
]]>
</system-out>
</testcase>
<testcase name="Authentication Flow - Comprehensive E2E Tests › Protected Routes and Authentication State › should allow authenticated users to access protected routes" classname="auth.spec.ts" time="4.183">
</testcase>
<testcase name="Authentication Flow - Comprehensive E2E Tests › Protected Routes and Authentication State › should handle session persistence across page reloads" classname="auth.spec.ts" time="4.443">
</testcase>
<testcase name="Authentication Flow - Comprehensive E2E Tests › Protected Routes and Authentication State › should handle logout functionality" classname="auth.spec.ts" time="4.681">
</testcase>
<testcase name="Authentication Flow - Comprehensive E2E Tests › Edge Cases and Error Handling › should handle network errors gracefully" classname="auth.spec.ts" time="0.297">
<failure message="auth.spec.ts:516:9 should handle network errors gracefully" type="FAILURE">
<![CDATA[  [firefox] › auth.spec.ts:516:9 › Authentication Flow - Comprehensive E2E Tests › Edge Cases and Error Handling › should handle network errors gracefully 

    Error: page.goto: NS_ERROR_OFFLINE
    Call log:
      - navigating to "http://localhost:3000/auth/signin", waiting until "load"


      518 |       await page.context().setOffline(true);
      519 |
    > 520 |       await page.goto("/auth/signin");
          |                  ^
      521 |       await page.fill('input[type="email"]', "test@example.com");
      522 |       await page.fill('input[type="password"]', "password123");
      523 |       await page.click('button[type="submit"]');
        at /Users/minted_tr/Desktop/linkedin-profile-evaluator/e2e/auth.spec.ts:520:18

    attachment #1: screenshot (image/png) ──────────────────────────────────────────────────────────
    test-results/auth-Authentication-Flow---f14ba-e-network-errors-gracefully-firefox/test-failed-1.png
    ────────────────────────────────────────────────────────────────────────────────────────────────

    attachment #2: video (video/webm) ──────────────────────────────────────────────────────────────
    test-results/auth-Authentication-Flow---f14ba-e-network-errors-gracefully-firefox/video.webm
    ────────────────────────────────────────────────────────────────────────────────────────────────

    Error Context: ../test-results/auth-Authentication-Flow---f14ba-e-network-errors-gracefully-firefox/error-context.md
]]>
</failure>
<system-out>
<![CDATA[
[[ATTACHMENT|../test-results/auth-Authentication-Flow---f14ba-e-network-errors-gracefully-firefox/test-failed-1.png]]

[[ATTACHMENT|../test-results/auth-Authentication-Flow---f14ba-e-network-errors-gracefully-firefox/video.webm]]

[[ATTACHMENT|../test-results/auth-Authentication-Flow---f14ba-e-network-errors-gracefully-firefox/error-context.md]]
]]>
</system-out>
</testcase>
<testcase name="Authentication Flow - Comprehensive E2E Tests › Edge Cases and Error Handling › should handle rapid form submissions" classname="auth.spec.ts" time="10.361">
</testcase>
<testcase name="Authentication Flow - Comprehensive E2E Tests › Edge Cases and Error Handling › should handle special characters in passwords" classname="auth.spec.ts" time="9.622">
<failure message="auth.spec.ts:554:9 should handle special characters in passwords" type="FAILURE">
<![CDATA[  [firefox] › auth.spec.ts:554:9 › Authentication Flow - Comprehensive E2E Tests › Edge Cases and Error Handling › should handle special characters in passwords 

    Error: expect(received).toBe(expected) // Object.is equality

    Expected: "test.59c3f1096a19c73d@example.com"
    Received: ""

      661 |         .locator('input[type="email"]')
      662 |         .inputValue();
    > 663 |       expect(signinEmailValue).toBe(testUser.email);
          |                                ^
      664 |
      665 |       const signinPasswordValue = await page
      666 |         .locator('input[type="password"]')
        at /Users/minted_tr/Desktop/linkedin-profile-evaluator/e2e/auth.spec.ts:663:32

    attachment #1: screenshot (image/png) ──────────────────────────────────────────────────────────
    test-results/auth-Authentication-Flow---5a7c3-ial-characters-in-passwords-firefox/test-failed-1.png
    ────────────────────────────────────────────────────────────────────────────────────────────────

    attachment #2: video (video/webm) ──────────────────────────────────────────────────────────────
    test-results/auth-Authentication-Flow---5a7c3-ial-characters-in-passwords-firefox/video.webm
    ────────────────────────────────────────────────────────────────────────────────────────────────

    Error Context: ../test-results/auth-Authentication-Flow---5a7c3-ial-characters-in-passwords-firefox/error-context.md
]]>
</failure>
<system-out>
<![CDATA[
[[ATTACHMENT|../test-results/auth-Authentication-Flow---5a7c3-ial-characters-in-passwords-firefox/test-failed-1.png]]

[[ATTACHMENT|../test-results/auth-Authentication-Flow---5a7c3-ial-characters-in-passwords-firefox/video.webm]]

[[ATTACHMENT|../test-results/auth-Authentication-Flow---5a7c3-ial-characters-in-passwords-firefox/error-context.md]]
]]>
</system-out>
</testcase>
<testcase name="Authentication Flow - Comprehensive E2E Tests › Edge Cases and Error Handling › should handle very long email addresses" classname="auth.spec.ts" time="8.132">
</testcase>
<testcase name="Authentication Flow - Comprehensive E2E Tests › Edge Cases and Error Handling › should handle concurrent user registrations" classname="auth.spec.ts" time="9.061">
</testcase>
<testcase name="Authentication Flow - Comprehensive E2E Tests › Security Tests › should prevent SQL injection in auth forms" classname="auth.spec.ts" time="7.15">
</testcase>
<testcase name="Authentication Flow - Comprehensive E2E Tests › Security Tests › should prevent XSS in form inputs" classname="auth.spec.ts" time="12.925">
</testcase>
<testcase name="Authentication Flow - Comprehensive E2E Tests › Security Tests › should have proper CSRF protection" classname="auth.spec.ts" time="1.113">
</testcase>
</testsuite>
<testsuite name="auth-realistic.spec.ts" timestamp="2025-06-02T10:55:27.889Z" hostname="webkit" tests="20" failures="7" skipped="0" time="69.648" errors="0">
<testcase name="Realistic Authentication Tests › Sign Up Flow › should successfully load and fill signup form" classname="auth-realistic.spec.ts" time="2.112">
</testcase>
<testcase name="Realistic Authentication Tests › Sign Up Flow › should have proper form validation attributes" classname="auth-realistic.spec.ts" time="1.28">
</testcase>
<testcase name="Realistic Authentication Tests › Sign Up Flow › should validate password length (minimum 8 characters)" classname="auth-realistic.spec.ts" time="0.783">
</testcase>
<testcase name="Realistic Authentication Tests › Sign Up Flow › should validate password confirmation" classname="auth-realistic.spec.ts" time="0.991">
</testcase>
<testcase name="Realistic Authentication Tests › Sign Up Flow › should validate required fields" classname="auth-realistic.spec.ts" time="3.855">
<failure message="auth-realistic.spec.ts:117:9 should validate required fields" type="FAILURE">
<![CDATA[  [webkit] › auth-realistic.spec.ts:117:9 › Realistic Authentication Tests › Sign Up Flow › should validate required fields 

    Error: Timed out 3000ms waiting for expect(locator).toBeVisible()

    Locator: locator('text=Ad Soyad gereklidir')
    Expected: visible
    Received: <element(s) not found>
    Call log:
      - expect.toBeVisible with timeout 3000ms
      - waiting for locator('text=Ad Soyad gereklidir')


      125 |       await page.click('button[type="submit"]');
      126 |
    > 127 |       await expect(page.locator("text=Ad Soyad gereklidir")).toBeVisible({
          |                                                              ^
      128 |         timeout: 3000,
      129 |       });
      130 |
        at /Users/minted_tr/Desktop/linkedin-profile-evaluator/e2e/auth-realistic.spec.ts:127:62

    attachment #1: screenshot (image/png) ──────────────────────────────────────────────────────────
    test-results/auth-realistic-Realistic-A-028e5-ld-validate-required-fields-webkit/test-failed-1.png
    ────────────────────────────────────────────────────────────────────────────────────────────────

    attachment #2: video (video/webm) ──────────────────────────────────────────────────────────────
    test-results/auth-realistic-Realistic-A-028e5-ld-validate-required-fields-webkit/video.webm
    ────────────────────────────────────────────────────────────────────────────────────────────────

    Error Context: ../test-results/auth-realistic-Realistic-A-028e5-ld-validate-required-fields-webkit/error-context.md
]]>
</failure>
<system-out>
<![CDATA[
[[ATTACHMENT|../test-results/auth-realistic-Realistic-A-028e5-ld-validate-required-fields-webkit/test-failed-1.png]]

[[ATTACHMENT|../test-results/auth-realistic-Realistic-A-028e5-ld-validate-required-fields-webkit/video.webm]]

[[ATTACHMENT|../test-results/auth-realistic-Realistic-A-028e5-ld-validate-required-fields-webkit/error-context.md]]
]]>
</system-out>
</testcase>
<testcase name="Realistic Authentication Tests › Sign Up Flow › should handle duplicate email registration" classname="auth-realistic.spec.ts" time="30.243">
<failure message="auth-realistic.spec.ts:144:9 should handle duplicate email registration" type="FAILURE">
<![CDATA[  [webkit] › auth-realistic.spec.ts:144:9 › Realistic Authentication Tests › Sign Up Flow › should handle duplicate email registration 

    Test timeout of 30000ms exceeded.

    Error: page.fill: Test timeout of 30000ms exceeded.
    Call log:
      - waiting for locator('input[name="name"]')


      158 |       // Second registration with same email
      159 |       await page.goto("/auth/signup");
    > 160 |       await page.fill('input[name="name"]', "Another User");
          |                  ^
      161 |       await page.fill('input[name="email"]', testUser.email);
      162 |       await page.fill('input[name="password"]', testUser.password);
      163 |       await page.fill('input[name="confirmPassword"]', testUser.password);
        at /Users/minted_tr/Desktop/linkedin-profile-evaluator/e2e/auth-realistic.spec.ts:160:18

    attachment #1: screenshot (image/png) ──────────────────────────────────────────────────────────
    test-results/auth-realistic-Realistic-A-1e19b-uplicate-email-registration-webkit/test-failed-1.png
    ────────────────────────────────────────────────────────────────────────────────────────────────

    attachment #2: video (video/webm) ──────────────────────────────────────────────────────────────
    test-results/auth-realistic-Realistic-A-1e19b-uplicate-email-registration-webkit/video.webm
    ────────────────────────────────────────────────────────────────────────────────────────────────

    Error Context: ../test-results/auth-realistic-Realistic-A-1e19b-uplicate-email-registration-webkit/error-context.md
]]>
</failure>
<system-out>
<![CDATA[
[[ATTACHMENT|../test-results/auth-realistic-Realistic-A-1e19b-uplicate-email-registration-webkit/test-failed-1.png]]

[[ATTACHMENT|../test-results/auth-realistic-Realistic-A-1e19b-uplicate-email-registration-webkit/video.webm]]

[[ATTACHMENT|../test-results/auth-realistic-Realistic-A-1e19b-uplicate-email-registration-webkit/error-context.md]]
]]>
</system-out>
</testcase>
<testcase name="Realistic Authentication Tests › Sign In Flow › should successfully load and fill signin form" classname="auth-realistic.spec.ts" time="1.763">
</testcase>
<testcase name="Realistic Authentication Tests › Sign In Flow › should have submit button that can be clicked" classname="auth-realistic.spec.ts" time="1.785">
</testcase>
<testcase name="Realistic Authentication Tests › Sign In Flow › should show error for invalid credentials" classname="auth-realistic.spec.ts" time="5.883">
<failure message="auth-realistic.spec.ts:227:9 should show error for invalid credentials" type="FAILURE">
<![CDATA[  [webkit] › auth-realistic.spec.ts:227:9 › Realistic Authentication Tests › Sign In Flow › should show error for invalid credentials 

    Error: Timed out 5000ms waiting for expect(locator).toBeVisible()

    Locator: locator('.bg-red-50, .text-red-700')
    Expected: visible
    Received: <element(s) not found>
    Call log:
      - expect.toBeVisible with timeout 5000ms
      - waiting for locator('.bg-red-50, .text-red-700')


      233 |
      234 |       // Should show some error (the exact text may vary)
    > 235 |       await expect(page.locator(".bg-red-50, .text-red-700")).toBeVisible({
          |                                                               ^
      236 |         timeout: 5000,
      237 |       });
      238 |     });
        at /Users/minted_tr/Desktop/linkedin-profile-evaluator/e2e/auth-realistic.spec.ts:235:63

    attachment #1: screenshot (image/png) ──────────────────────────────────────────────────────────
    test-results/auth-realistic-Realistic-A-67ec4-ror-for-invalid-credentials-webkit/test-failed-1.png
    ────────────────────────────────────────────────────────────────────────────────────────────────

    attachment #2: video (video/webm) ──────────────────────────────────────────────────────────────
    test-results/auth-realistic-Realistic-A-67ec4-ror-for-invalid-credentials-webkit/video.webm
    ────────────────────────────────────────────────────────────────────────────────────────────────

    Error Context: ../test-results/auth-realistic-Realistic-A-67ec4-ror-for-invalid-credentials-webkit/error-context.md
]]>
</failure>
<system-out>
<![CDATA[
[[ATTACHMENT|../test-results/auth-realistic-Realistic-A-67ec4-ror-for-invalid-credentials-webkit/test-failed-1.png]]

[[ATTACHMENT|../test-results/auth-realistic-Realistic-A-67ec4-ror-for-invalid-credentials-webkit/video.webm]]

[[ATTACHMENT|../test-results/auth-realistic-Realistic-A-67ec4-ror-for-invalid-credentials-webkit/error-context.md]]
]]>
</system-out>
</testcase>
<testcase name="Realistic Authentication Tests › Sign In Flow › should show loading state during sign in" classname="auth-realistic.spec.ts" time="2.899">
<failure message="auth-realistic.spec.ts:240:9 should show loading state during sign in" type="FAILURE">
<![CDATA[  [webkit] › auth-realistic.spec.ts:240:9 › Realistic Authentication Tests › Sign In Flow › should show loading state during sign in 

    Error: Timed out 2000ms waiting for expect(locator).toBeDisabled()

    Locator: locator('button[type="submit"]')
    Expected: disabled
    Received: enabled
    Call log:
      - expect.toBeDisabled with timeout 2000ms
      - waiting for locator('button[type="submit"]')
[...]
    test-results/auth-Authentication-Flow---48234-uplicate-email-registration-Mobile-Safari/test-failed-1.png
    ────────────────────────────────────────────────────────────────────────────────────────────────

    attachment #2: video (video/webm) ──────────────────────────────────────────────────────────────
    test-results/auth-Authentication-Flow---48234-uplicate-email-registration-Mobile-Safari/video.webm
    ────────────────────────────────────────────────────────────────────────────────────────────────

    Error Context: ../test-results/auth-Authentication-Flow---48234-uplicate-email-registration-Mobile-Safari/error-context.md
]]>
</failure>
<system-out>
<![CDATA[
[[ATTACHMENT|../test-results/auth-Authentication-Flow---48234-uplicate-email-registration-Mobile-Safari/test-failed-1.png]]

[[ATTACHMENT|../test-results/auth-Authentication-Flow---48234-uplicate-email-registration-Mobile-Safari/video.webm]]

[[ATTACHMENT|../test-results/auth-Authentication-Flow---48234-uplicate-email-registration-Mobile-Safari/error-context.md]]
]]>
</system-out>
</testcase>
<testcase name="Authentication Flow - Comprehensive E2E Tests › Sign In Flow › should successfully sign in with valid credentials" classname="auth.spec.ts" time="30.149">
<failure message="auth.spec.ts:253:9 should successfully sign in with valid credentials" type="FAILURE">
<![CDATA[  [Mobile Safari] › auth.spec.ts:253:9 › Authentication Flow - Comprehensive E2E Tests › Sign In Flow › should successfully sign in with valid credentials 

    Test timeout of 30000ms exceeded.

    Error: page.fill: Test timeout of 30000ms exceeded.
    Call log:
      - waiting for locator('input[type="email"]')


      268 |       // Now try to sign in
      269 |       await page.goto("/auth/signin");
    > 270 |       await page.fill('input[type="email"]', testUser.email);
          |                  ^
      271 |       await page.fill('input[type="password"]', testUser.password);
      272 |       await page.click('button[type="submit"]');
      273 |
        at /Users/minted_tr/Desktop/linkedin-profile-evaluator/e2e/auth.spec.ts:270:18

    attachment #1: screenshot (image/png) ──────────────────────────────────────────────────────────
    test-results/auth-Authentication-Flow---90b5c-n-in-with-valid-credentials-Mobile-Safari/test-failed-1.png
    ────────────────────────────────────────────────────────────────────────────────────────────────

    attachment #2: video (video/webm) ──────────────────────────────────────────────────────────────
    test-results/auth-Authentication-Flow---90b5c-n-in-with-valid-credentials-Mobile-Safari/video.webm
    ────────────────────────────────────────────────────────────────────────────────────────────────

    Error Context: ../test-results/auth-Authentication-Flow---90b5c-n-in-with-valid-credentials-Mobile-Safari/error-context.md
]]>
</failure>
<system-out>
<![CDATA[
[[ATTACHMENT|../test-results/auth-Authentication-Flow---90b5c-n-in-with-valid-credentials-Mobile-Safari/test-failed-1.png]]

[[ATTACHMENT|../test-results/auth-Authentication-Flow---90b5c-n-in-with-valid-credentials-Mobile-Safari/video.webm]]

[[ATTACHMENT|../test-results/auth-Authentication-Flow---90b5c-n-in-with-valid-credentials-Mobile-Safari/error-context.md]]
]]>
</system-out>
</testcase>
<testcase name="Authentication Flow - Comprehensive E2E Tests › Sign In Flow › should show error for invalid credentials" classname="auth.spec.ts" time="10.621">
<failure message="auth.spec.ts:282:9 should show error for invalid credentials" type="FAILURE">
<![CDATA[  [Mobile Safari] › auth.spec.ts:282:9 › Authentication Flow - Comprehensive E2E Tests › Sign In Flow › should show error for invalid credentials 

    Error: Timed out 5000ms waiting for expect(locator).toBeVisible()

    Locator: locator('.text-red-500, .text-red-700, .error')
    Expected: visible
    Received: <element(s) not found>
    Call log:
      - expect.toBeVisible with timeout 5000ms
      - waiting for locator('.text-red-500, .text-red-700, .error')


      303 |           await expect(
      304 |             page.locator(".text-red-500, .text-red-700, .error")
    > 305 |           ).toBeVisible();
          |             ^
      306 |         }
      307 |
      308 |         await page.reload();
        at /Users/minted_tr/Desktop/linkedin-profile-evaluator/e2e/auth.spec.ts:305:13

    attachment #1: screenshot (image/png) ──────────────────────────────────────────────────────────
    test-results/auth-Authentication-Flow---e2915-ror-for-invalid-credentials-Mobile-Safari/test-failed-1.png
    ────────────────────────────────────────────────────────────────────────────────────────────────

    attachment #2: video (video/webm) ──────────────────────────────────────────────────────────────
    test-results/auth-Authentication-Flow---e2915-ror-for-invalid-credentials-Mobile-Safari/video.webm
    ────────────────────────────────────────────────────────────────────────────────────────────────

    Error Context: ../test-results/auth-Authentication-Flow---e2915-ror-for-invalid-credentials-Mobile-Safari/error-context.md
]]>
</failure>
<system-out>
<![CDATA[
[[ATTACHMENT|../test-results/auth-Authentication-Flow---e2915-ror-for-invalid-credentials-Mobile-Safari/test-failed-1.png]]

[[ATTACHMENT|../test-results/auth-Authentication-Flow---e2915-ror-for-invalid-credentials-Mobile-Safari/video.webm]]

[[ATTACHMENT|../test-results/auth-Authentication-Flow---e2915-ror-for-invalid-credentials-Mobile-Safari/error-context.md]]
]]>
</system-out>
</testcase>
<testcase name="Authentication Flow - Comprehensive E2E Tests › Sign In Flow › should handle empty sign in form" classname="auth.spec.ts" time="0.651">
</testcase>
<testcase name="Authentication Flow - Comprehensive E2E Tests › Sign In Flow › should show loading state during sign in" classname="auth.spec.ts" time="7.522">
<failure message="auth.spec.ts:324:9 should show loading state during sign in" type="FAILURE">
<![CDATA[  [Mobile Safari] › auth.spec.ts:324:9 › Authentication Flow - Comprehensive E2E Tests › Sign In Flow › should show loading state during sign in 

    Error: Timed out 5000ms waiting for expect(locator).toBeVisible()

    Locator: locator('button[disabled]')
    Expected: visible
    Received: <element(s) not found>
    Call log:
      - expect.toBeVisible with timeout 5000ms
      - waiting for locator('button[disabled]')


      335 |         });
      336 |       } catch {
    > 337 |         await expect(page.locator("button[disabled]")).toBeVisible();
          |                                                        ^
      338 |       }
      339 |     });
      340 |   });
        at /Users/minted_tr/Desktop/linkedin-profile-evaluator/e2e/auth.spec.ts:337:56

    attachment #1: screenshot (image/png) ──────────────────────────────────────────────────────────
    test-results/auth-Authentication-Flow---daa3e-oading-state-during-sign-in-Mobile-Safari/test-failed-1.png
    ────────────────────────────────────────────────────────────────────────────────────────────────

    attachment #2: video (video/webm) ──────────────────────────────────────────────────────────────
    test-results/auth-Authentication-Flow---daa3e-oading-state-during-sign-in-Mobile-Safari/video.webm
    ────────────────────────────────────────────────────────────────────────────────────────────────

    Error Context: ../test-results/auth-Authentication-Flow---daa3e-oading-state-during-sign-in-Mobile-Safari/error-context.md
]]>
</failure>
<system-out>
<![CDATA[
[[ATTACHMENT|../test-results/auth-Authentication-Flow---daa3e-oading-state-during-sign-in-Mobile-Safari/test-failed-1.png]]

[[ATTACHMENT|../test-results/auth-Authentication-Flow---daa3e-oading-state-during-sign-in-Mobile-Safari/video.webm]]

[[ATTACHMENT|../test-results/auth-Authentication-Flow---daa3e-oading-state-during-sign-in-Mobile-Safari/error-context.md]]
]]>
</system-out>
</testcase>
<testcase name="Authentication Flow - Comprehensive E2E Tests › Password Reset Flow › should navigate to forgot password page" classname="auth.spec.ts" time="0.773">
</testcase>
<testcase name="Authentication Flow - Comprehensive E2E Tests › Password Reset Flow › should handle password reset request" classname="auth.spec.ts" time="10.78">
<failure message="auth.spec.ts:351:9 should handle password reset request" type="FAILURE">
<![CDATA[  [Mobile Safari] › auth.spec.ts:351:9 › Authentication Flow - Comprehensive E2E Tests › Password Reset Flow › should handle password reset request 

    Error: Timed out 5000ms waiting for expect(locator).toBeVisible()

    Locator: locator('text=E-posta gönderildi')
    Expected: visible
    Received: <element(s) not found>
    Call log:
      - expect.toBeVisible with timeout 5000ms
      - waiting for locator('text=E-posta gönderildi')


      364 |         });
      365 |       } catch {
    > 366 |         await expect(page.locator("text=E-posta gönderildi")).toBeVisible();
          |                                                               ^
      367 |       }
      368 |     });
      369 |
        at /Users/minted_tr/Desktop/linkedin-profile-evaluator/e2e/auth.spec.ts:366:63

    attachment #1: screenshot (image/png) ──────────────────────────────────────────────────────────
    test-results/auth-Authentication-Flow---91a4e-ndle-password-reset-request-Mobile-Safari/test-failed-1.png
    ────────────────────────────────────────────────────────────────────────────────────────────────

    attachment #2: video (video/webm) ──────────────────────────────────────────────────────────────
    test-results/auth-Authentication-Flow---91a4e-ndle-password-reset-request-Mobile-Safari/video.webm
    ────────────────────────────────────────────────────────────────────────────────────────────────

    Error Context: ../test-results/auth-Authentication-Flow---91a4e-ndle-password-reset-request-Mobile-Safari/error-context.md
]]>
</failure>
<system-out>
<![CDATA[
[[ATTACHMENT|../test-results/auth-Authentication-Flow---91a4e-ndle-password-reset-request-Mobile-Safari/test-failed-1.png]]

[[ATTACHMENT|../test-results/auth-Authentication-Flow---91a4e-ndle-password-reset-request-Mobile-Safari/video.webm]]

[[ATTACHMENT|../test-results/auth-Authentication-Flow---91a4e-ndle-password-reset-request-Mobile-Safari/error-context.md]]
]]>
</system-out>
</testcase>
<testcase name="Authentication Flow - Comprehensive E2E Tests › Password Reset Flow › should validate email in forgot password form" classname="auth.spec.ts" time="0.675">
</testcase>
<testcase name="Authentication Flow - Comprehensive E2E Tests › Password Reset Flow › should handle empty email in forgot password" classname="auth.spec.ts" time="0.511">
</testcase>
<testcase name="Authentication Flow - Comprehensive E2E Tests › Protected Routes and Authentication State › should redirect unauthenticated users from protected routes" classname="auth.spec.ts" time="5.435">
<failure message="auth.spec.ts:399:9 should redirect unauthenticated users from protected routes" type="FAILURE">
<![CDATA[  [Mobile Safari] › auth.spec.ts:399:9 › Authentication Flow - Comprehensive E2E Tests › Protected Routes and Authentication State › should redirect unauthenticated users from protected routes 

    Error: Timed out 5000ms waiting for expect(locator).toHaveURL(expected)

    Locator: locator(':root')
    Expected string: "http://localhost:3000/auth/signin"
    Received string: "http://localhost:3000/auth/signin?callbackUrl=http%3A%2F%2Flocalhost%3A3000%2Fdashboard"
    Call log:
      - expect.toHaveURL with timeout 5000ms
      - waiting for locator(':root')
        9 × locator resolved to <html lang="tr" class="__variable_e8ce0c">…</html>
          - unexpected value "http://localhost:3000/auth/signin?callbackUrl=http%3A%2F%2Flocalhost%3A3000%2Fdashboard"


      414 |
      415 |         // Should redirect to signin page
    > 416 |         await expect(page).toHaveURL("/auth/signin", { timeout: 5000 });
          |                            ^
      417 |       }
      418 |     });
      419 |
        at /Users/minted_tr/Desktop/linkedin-profile-evaluator/e2e/auth.spec.ts:416:28

    attachment #1: screenshot (image/png) ──────────────────────────────────────────────────────────
    test-results/auth-Authentication-Flow---36cd7-users-from-protected-routes-Mobile-Safari/test-failed-1.png
    ────────────────────────────────────────────────────────────────────────────────────────────────

    attachment #2: video (video/webm) ──────────────────────────────────────────────────────────────
    test-results/auth-Authentication-Flow---36cd7-users-from-protected-routes-Mobile-Safari/video.webm
    ────────────────────────────────────────────────────────────────────────────────────────────────

    Error Context: ../test-results/auth-Authentication-Flow---36cd7-users-from-protected-routes-Mobile-Safari/error-context.md
]]>
</failure>
<system-out>
<![CDATA[
[[ATTACHMENT|../test-results/auth-Authentication-Flow---36cd7-users-from-protected-routes-Mobile-Safari/test-failed-1.png]]

[[ATTACHMENT|../test-results/auth-Authentication-Flow---36cd7-users-from-protected-routes-Mobile-Safari/video.webm]]

[[ATTACHMENT|../test-results/auth-Authentication-Flow---36cd7-users-from-protected-routes-Mobile-Safari/error-context.md]]
]]>
</system-out>
</testcase>
<testcase name="Authentication Flow - Comprehensive E2E Tests › Protected Routes and Authentication State › should allow authenticated users to access protected routes" classname="auth.spec.ts" time="4.328">
</testcase>
<testcase name="Authentication Flow - Comprehensive E2E Tests › Protected Routes and Authentication State › should handle session persistence across page reloads" classname="auth.spec.ts" time="4.533">
</testcase>
<testcase name="Authentication Flow - Comprehensive E2E Tests › Protected Routes and Authentication State › should handle logout functionality" classname="auth.spec.ts" time="4.271">
</testcase>
<testcase name="Authentication Flow - Comprehensive E2E Tests › Edge Cases and Error Handling › should handle network errors gracefully" classname="auth.spec.ts" time="0.31">
<failure message="auth.spec.ts:516:9 should handle network errors gracefully" type="FAILURE">
<![CDATA[  [Mobile Safari] › auth.spec.ts:516:9 › Authentication Flow - Comprehensive E2E Tests › Edge Cases and Error Handling › should handle network errors gracefully 

    Error: page.goto: WebKit encountered an internal error
    Call log:
      - navigating to "http://localhost:3000/auth/signin", waiting until "load"


      518 |       await page.context().setOffline(true);
      519 |
    > 520 |       await page.goto("/auth/signin");
          |                  ^
      521 |       await page.fill('input[type="email"]', "test@example.com");
      522 |       await page.fill('input[type="password"]', "password123");
      523 |       await page.click('button[type="submit"]');
        at /Users/minted_tr/Desktop/linkedin-profile-evaluator/e2e/auth.spec.ts:520:18

    attachment #1: screenshot (image/png) ──────────────────────────────────────────────────────────
    test-results/auth-Authentication-Flow---f14ba-e-network-errors-gracefully-Mobile-Safari/test-failed-1.png
    ────────────────────────────────────────────────────────────────────────────────────────────────

    attachment #2: video (video/webm) ──────────────────────────────────────────────────────────────
    test-results/auth-Authentication-Flow---f14ba-e-network-errors-gracefully-Mobile-Safari/video.webm
    ────────────────────────────────────────────────────────────────────────────────────────────────

    Error Context: ../test-results/auth-Authentication-Flow---f14ba-e-network-errors-gracefully-Mobile-Safari/error-context.md
]]>
</failure>
<system-out>
<![CDATA[
[[ATTACHMENT|../test-results/auth-Authentication-Flow---f14ba-e-network-errors-gracefully-Mobile-Safari/test-failed-1.png]]

[[ATTACHMENT|../test-results/auth-Authentication-Flow---f14ba-e-network-errors-gracefully-Mobile-Safari/video.webm]]

[[ATTACHMENT|../test-results/auth-Authentication-Flow---f14ba-e-network-errors-gracefully-Mobile-Safari/error-context.md]]
]]>
</system-out>
</testcase>
<testcase name="Authentication Flow - Comprehensive E2E Tests › Edge Cases and Error Handling › should handle rapid form submissions" classname="auth.spec.ts" time="2.938">
<failure message="auth.spec.ts:538:9 should handle rapid form submissions" type="FAILURE">
<![CDATA[  [Mobile Safari] › auth.spec.ts:538:9 › Authentication Flow - Comprehensive E2E Tests › Edge Cases and Error Handling › should handle rapid form submissions 

    Error: Timed out 2000ms waiting for expect(locator).toBeDisabled()

    Locator: locator('button[type="submit"]')
    Expected: disabled
    Received: enabled
    Call log:
      - expect.toBeDisabled with timeout 2000ms
      - waiting for locator('button[type="submit"]')
        6 × locator resolved to <button type="submit" class="w-full bg-gradient-to-r from-blue-600 to-indigo-600 hover:from-blue-700 hover:to-indigo-700 text-white py-3 px-4 rounded-xl font-semibold transition-all duration-300 disabled:opacity-50 disabled:cursor-not-allowed">Giriş Yap</button>
          - unexpected value "enabled"


      549 |
      550 |       // Should prevent multiple submissions
    > 551 |       await expect(submitButton).toBeDisabled({ timeout: 2000 });
          |                                  ^
      552 |     });
      553 |
      554 |     test("should handle special characters in passwords", async ({
        at /Users/minted_tr/Desktop/linkedin-profile-evaluator/e2e/auth.spec.ts:551:34

    attachment #1: screenshot (image/png) ──────────────────────────────────────────────────────────
    test-results/auth-Authentication-Flow---b9b26-ndle-rapid-form-submissions-Mobile-Safari/test-failed-1.png
    ────────────────────────────────────────────────────────────────────────────────────────────────

    attachment #2: video (video/webm) ──────────────────────────────────────────────────────────────
    test-results/auth-Authentication-Flow---b9b26-ndle-rapid-form-submissions-Mobile-Safari/video.webm
    ────────────────────────────────────────────────────────────────────────────────────────────────

    Error Context: ../test-results/auth-Authentication-Flow---b9b26-ndle-rapid-form-submissions-Mobile-Safari/error-context.md
]]>
</failure>
<system-out>
<![CDATA[
[[ATTACHMENT|../test-results/auth-Authentication-Flow---b9b26-ndle-rapid-form-submissions-Mobile-Safari/test-failed-1.png]]

[[ATTACHMENT|../test-results/auth-Authentication-Flow---b9b26-ndle-rapid-form-submissions-Mobile-Safari/video.webm]]

[[ATTACHMENT|../test-results/auth-Authentication-Flow---b9b26-ndle-rapid-form-submissions-Mobile-Safari/error-context.md]]
]]>
</system-out>
</testcase>
<testcase name="Authentication Flow - Comprehensive E2E Tests › Edge Cases and Error Handling › should handle special characters in passwords" classname="auth.spec.ts" time="11.319">
</testcase>
<testcase name="Authentication Flow - Comprehensive E2E Tests › Edge Cases and Error Handling › should handle very long email addresses" classname="auth.spec.ts" time="3.788">
</testcase>
<testcase name="Authentication Flow - Comprehensive E2E Tests › Edge Cases and Error Handling › should handle concurrent user registrations" classname="auth.spec.ts" time="6.164">
</testcase>
<testcase name="Authentication Flow - Comprehensive E2E Tests › Security Tests › should prevent SQL injection in auth forms" classname="auth.spec.ts" time="4.135">
</testcase>
<testcase name="Authentication Flow - Comprehensive E2E Tests › Security Tests › should prevent XSS in form inputs" classname="auth.spec.ts" time="11.651">
</testcase>
<testcase name="Authentication Flow - Comprehensive E2E Tests › Security Tests › should have proper CSRF protection" classname="auth.spec.ts" time="0.626">
</testcase>
</testsuite>
</testsuites>