<testsuites id="" name="" tests="340" failures="0" skipped="336" errors="0" time="45.535504">
<testsuite name="auth-realistic.spec.ts" timestamp="2025-06-08T11:18:24.813Z" hostname="chromium" tests="20" failures="0" skipped="16" time="48.868" errors="0">
<testcase name="Realistic Authentication Tests › Sign Up Flow › should successfully load and fill signup form" classname="auth-realistic.spec.ts" time="12.717">
</testcase>
<testcase name="Realistic Authentication Tests › Sign Up Flow › should have proper form validation attributes" classname="auth-realistic.spec.ts" time="11.03">
</testcase>
<testcase name="Realistic Authentication Tests › Sign Up Flow › should validate password length (minimum 8 characters)" classname="auth-realistic.spec.ts" time="12.663">
</testcase>
<testcase name="Realistic Authentication Tests › Sign Up Flow › should validate password confirmation" classname="auth-realistic.spec.ts" time="12.458">
</testcase>
<testcase name="Realistic Authentication Tests › Sign Up Flow › should validate required fields" classname="auth-realistic.spec.ts" time="0">
<skipped>
</skipped>
</testcase>
<testcase name="Realistic Authentication Tests › Sign Up Flow › should handle duplicate email registration" classname="auth-realistic.spec.ts" time="0">
<skipped>
</skipped>
</testcase>
<testcase name="Realistic Authentication Tests › Sign In Flow › should successfully load and fill signin form" classname="auth-realistic.spec.ts" time="0">
<skipped>
</skipped>
</testcase>
<testcase name="Realistic Authentication Tests › Sign In Flow › should have submit button that can be clicked" classname="auth-realistic.spec.ts" time="0">
<skipped>
</skipped>
</testcase>
<testcase name="Realistic Authentication Tests › Sign In Flow › should show error for invalid credentials" classname="auth-realistic.spec.ts" time="0">
<skipped>
</skipped>
</testcase>
<testcase name="Realistic Authentication Tests › Sign In Flow › should show loading state during sign in" classname="auth-realistic.spec.ts" time="0">
<skipped>
</skipped>
</testcase>
<testcase name="Realistic Authentication Tests › Navigation Tests › should navigate between auth pages" classname="auth-realistic.spec.ts" time="0">
<skipped>
</skipped>
</testcase>
<testcase name="Realistic Authentication Tests › Navigation Tests › should have working OAuth buttons" classname="auth-realistic.spec.ts" time="0">
<skipped>
</skipped>
</testcase>
<testcase name="Realistic Authentication Tests › Navigation Tests › should navigate to forgot password" classname="auth-realistic.spec.ts" time="0">
<skipped>
</skipped>
</testcase>
<testcase name="Realistic Authentication Tests › Page Loading Tests › should load signin page without errors" classname="auth-realistic.spec.ts" time="0">
<skipped>
</skipped>
</testcase>
<testcase name="Realistic Authentication Tests › Page Loading Tests › should load signup page without errors" classname="auth-realistic.spec.ts" time="0">
<skipped>
</skipped>
</testcase>
<testcase name="Realistic Authentication Tests › Page Loading Tests › should load forgot password page if it exists" classname="auth-realistic.spec.ts" time="0">
<skipped>
</skipped>
</testcase>
<testcase name="Realistic Authentication Tests › Protected Routes › should redirect unauthenticated users" classname="auth-realistic.spec.ts" time="0">
<skipped>
</skipped>
</testcase>
<testcase name="Realistic Authentication Tests › Protected Routes › should allow authenticated users access" classname="auth-realistic.spec.ts" time="0">
<skipped>
</skipped>
</testcase>
<testcase name="Realistic Authentication Tests › Error Handling › should handle network errors gracefully" classname="auth-realistic.spec.ts" time="0">
<skipped>
</skipped>
</testcase>
<testcase name="Realistic Authentication Tests › Error Handling › should prevent rapid form submissions" classname="auth-realistic.spec.ts" time="0">
<skipped>
</skipped>
</testcase>
</testsuite>
<testsuite name="auth-simple.spec.ts" timestamp="2025-06-08T11:18:24.813Z" hostname="chromium" tests="6" failures="0" skipped="6" time="0" errors="0">
<testcase name="Basic Authentication Tests › should load signin page correctly" classname="auth-simple.spec.ts" time="0">
<skipped>
</skipped>
</testcase>
<testcase name="Basic Authentication Tests › should load signup page correctly" classname="auth-simple.spec.ts" time="0">
<skipped>
</skipped>
</testcase>
<testcase name="Basic Authentication Tests › should display OAuth buttons with correct text" classname="auth-simple.spec.ts" time="0">
<skipped>
</skipped>
</testcase>
<testcase name="Basic Authentication Tests › should navigate between auth pages" classname="auth-simple.spec.ts" time="0">
<skipped>
</skipped>
</testcase>
<testcase name="Basic Authentication Tests › should show validation for empty form submission" classname="auth-simple.spec.ts" time="0">
<skipped>
</skipped>
</testcase>
<testcase name="Basic Authentication Tests › should handle basic form submission" classname="auth-simple.spec.ts" time="0">
<skipped>
</skipped>
</testcase>
</testsuite>
<testsuite name="auth-working.spec.ts" timestamp="2025-06-08T11:18:24.813Z" hostname="chromium" tests="12" failures="0" skipped="12" time="0" errors="0">
<testcase name="Essential Authentication Tests › Basic Page Loading › should load signup page" classname="auth-working.spec.ts" time="0">
<skipped>
</skipped>
</testcase>
<testcase name="Essential Authentication Tests › Basic Page Loading › should load signin page" classname="auth-working.spec.ts" time="0">
<skipped>
</skipped>
</testcase>
<testcase name="Essential Authentication Tests › Basic Page Loading › should load forgot password page" classname="auth-working.spec.ts" time="0">
<skipped>
</skipped>
</testcase>
<testcase name="Essential Authentication Tests › Navigation › should navigate between auth pages" classname="auth-working.spec.ts" time="0">
<skipped>
</skipped>
</testcase>
<testcase name="Essential Authentication Tests › Navigation › should navigate to forgot password" classname="auth-working.spec.ts" time="0">
<skipped>
</skipped>
</testcase>
<testcase name="Essential Authentication Tests › Navigation › should navigate from homepage to test" classname="auth-working.spec.ts" time="0">
<skipped>
</skipped>
</testcase>
<testcase name="Essential Authentication Tests › OAuth Buttons › should show OAuth buttons on signin" classname="auth-working.spec.ts" time="0">
<skipped>
</skipped>
</testcase>
<testcase name="Essential Authentication Tests › OAuth Buttons › should show OAuth buttons on signup" classname="auth-working.spec.ts" time="0">
<skipped>
</skipped>
</testcase>
<testcase name="Essential Authentication Tests › Basic Form Validation › should have required attributes on form fields" classname="auth-working.spec.ts" time="0">
<skipped>
</skipped>
</testcase>
<testcase name="Essential Authentication Tests › Basic Form Validation › should have email type on email fields" classname="auth-working.spec.ts" time="0">
<skipped>
</skipped>
</testcase>
<testcase name="Essential Authentication Tests › Basic Form Input › should accept basic form input on signup" classname="auth-working.spec.ts" time="0">
<skipped>
</skipped>
</testcase>
<testcase name="Essential Authentication Tests › Basic Form Input › should accept basic form input on signin" classname="auth-working.spec.ts" time="0">
<skipped>
</skipped>
</testcase>
</testsuite>
<testsuite name="auth.spec.ts" timestamp="2025-06-08T11:18:24.813Z" hostname="chromium" tests="30" failures="0" skipped="30" time="0" errors="0">
<testcase name="Authentication Flow - Comprehensive E2E Tests › Navigation and UI Tests › should navigate to test page from homepage" classname="auth.spec.ts" time="0">
<skipped>
</skipped>
</testcase>
<testcase name="Authentication Flow - Comprehensive E2E Tests › Navigation and UI Tests › should navigate between auth pages correctly" classname="auth.spec.ts" time="0">
<skipped>
</skipped>
</testcase>
<testcase name="Authentication Flow - Comprehensive E2E Tests › Navigation and UI Tests › should display OAuth provider buttons" classname="auth.spec.ts" time="0">
<skipped>
</skipped>
</testcase>
<testcase name="Authentication Flow - Comprehensive E2E Tests › Navigation and UI Tests › should handle responsive design on mobile" classname="auth.spec.ts" time="0">
<skipped>
</skipped>
</testcase>
<testcase name="Authentication Flow - Comprehensive E2E Tests › Sign Up Flow › should successfully create account with valid data" classname="auth.spec.ts" time="0">
<skipped>
</skipped>
</testcase>
<testcase name="Authentication Flow - Comprehensive E2E Tests › Sign Up Flow › should show validation errors for empty form" classname="auth.spec.ts" time="0">
<skipped>
</skipped>
</testcase>
<testcase name="Authentication Flow - Comprehensive E2E Tests › Sign Up Flow › should validate email format" classname="auth.spec.ts" time="0">
<skipped>
</skipped>
</testcase>
<testcase name="Authentication Flow - Comprehensive E2E Tests › Sign Up Flow › should validate password strength" classname="auth.spec.ts" time="0">
<skipped>
</skipped>
</testcase>
<testcase name="Authentication Flow - Comprehensive E2E Tests › Sign Up Flow › should validate password confirmation" classname="auth.spec.ts" time="0">
<skipped>
</skipped>
</testcase>
<testcase name="Authentication Flow - Comprehensive E2E Tests › Sign Up Flow › should handle duplicate email registration" classname="auth.spec.ts" time="0">
<skipped>
</skipped>
</testcase>
<testcase name="Authentication Flow - Comprehensive E2E Tests › Sign In Flow › should successfully sign in with valid credentials" classname="auth.spec.ts" time="0">
<skipped>
</skipped>
</testcase>
<testcase name="Authentication Flow - Comprehensive E2E Tests › Sign In Flow › should show error for invalid credentials" classname="auth.spec.ts" time="0">
<skipped>
</skipped>
</testcase>
<testcase name="Authentication Flow - Comprehensive E2E Tests › Sign In Flow › should handle empty sign in form" classname="auth.spec.ts" time="0">
<skipped>
</skipped>
</testcase>
<testcase name="Authentication Flow - Comprehensive E2E Tests › Sign In Flow › should show loading state during sign in" classname="auth.spec.ts" time="0">
<skipped>
</skipped>
</testcase>
<testcase name="Authentication Flow - Comprehensive E2E Tests › Password Reset Flow › should navigate to forgot password page" classname="auth.spec.ts" time="0">
<skipped>
</skipped>
</testcase>
<testcase name="Authentication Flow - Comprehensive E2E Tests › Password Reset Flow › should handle password reset request" classname="auth.spec.ts" time="0">
<skipped>
</skipped>
</testcase>
<testcase name="Authentication Flow - Comprehensive E2E Tests › Password Reset Flow › should validate email in forgot password form" classname="auth.spec.ts" time="0">
<skipped>
</skipped>
</testcase>
<testcase name="Authentication Flow - Comprehensive E2E Tests › Password Reset Flow › should handle empty email in forgot password" classname="auth.spec.ts" time="0">
<skipped>
</skipped>
</testcase>
<testcase name="Authentication Flow - Comprehensive E2E Tests › Protected Routes and Authentication State › should redirect unauthenticated users from protected routes" classname="auth.spec.ts" time="0">
<skipped>
</skipped>
</testcase>
<testcase name="Authentication Flow - Comprehensive E2E Tests › Protected Routes and Authentication State › should allow authenticated users to access protected routes" classname="auth.spec.ts" time="0">
<skipped>
</skipped>
</testcase>
<testcase name="Authentication Flow - Comprehensive E2E Tests › Protected Routes and Authentication State › should handle session persistence across page reloads" classname="auth.spec.ts" time="0">
<skipped>
</skipped>
</testcase>
<testcase name="Authentication Flow - Comprehensive E2E Tests › Protected Routes and Authentication State › should handle logout functionality" classname="auth.spec.ts" time="0">
<skipped>
</skipped>
</testcase>
<testcase name="Authentication Flow - Comprehensive E2E Tests › Edge Cases and Error Handling › should handle network errors gracefully" classname="auth.spec.ts" time="0">
<skipped>
</skipped>
</testcase>
<testcase name="Authentication Flow - Comprehensive E2E Tests › Edge Cases and Error Handling › should handle rapid form submissions" classname="auth.spec.ts" time="0">
<skipped>
</skipped>
</testcase>
<testcase name="Authentication Flow - Comprehensive E2E Tests › Edge Cases and Error Handling › should handle special characters in passwords" classname="auth.spec.ts" time="0">
<skipped>
</skipped>
</testcase>
<testcase name="Authentication Flow - Comprehensive E2E Tests › Edge Cases and Error Handling › should handle very long email addresses" classname="auth.spec.ts" time="0">
<skipped>
</skipped>
</testcase>
<testcase name="Authentication Flow - Comprehensive E2E Tests › Edge Cases and Error Handling › should handle concurrent user registrations" classname="auth.spec.ts" time="0">
<skipped>
</skipped>
</testcase>
<testcase name="Authentication Flow - Comprehensive E2E Tests › Security Tests › should prevent SQL injection in auth forms" classname="auth.spec.ts" time="0">
<skipped>
</skipped>
</testcase>
<testcase name="Authentication Flow - Comprehensive E2E Tests › Security Tests › should prevent XSS in form inputs" classname="auth.spec.ts" time="0">
<skipped>
</skipped>
</testcase>
<testcase name="Authentication Flow - Comprehensive E2E Tests › Security Tests › should have proper CSRF protection" classname="auth.spec.ts" time="0">
<skipped>
</skipped>
</testcase>
</testsuite>
<testsuite name="auth-realistic.spec.ts" timestamp="2025-06-08T11:18:24.813Z" hostname="firefox" tests="20" failures="0" skipped="20" time="0" errors="0">
<testcase name="Realistic Authentication Tests › Sign Up Flow › should successfully load and fill signup form" classname="auth-realistic.spec.ts" time="0">
<skipped>
</skipped>
</testcase>
<testcase name="Realistic Authentication Tests › Sign Up Flow › should have proper form validation attributes" classname="auth-realistic.spec.ts" time="0">
<skipped>
</skipped>
</testcase>
<testcase name="Realistic Authentication Tests › Sign Up Flow › should validate password length (minimum 8 characters)" classname="auth-realistic.spec.ts" time="0">
<skipped>
</skipped>
</testcase>
<testcase name="Realistic Authentication Tests › Sign Up Flow › should validate password confirmation" classname="auth-realistic.spec.ts" time="0">
<skipped>
</skipped>
</testcase>
<testcase name="Realistic Authentication Tests › Sign Up Flow › should validate required fields" classname="auth-realistic.spec.ts" time="0">
<skipped>
</skipped>
</testcase>
<testcase name="Realistic Authentication Tests › Sign Up Flow › should handle duplicate email registration" classname="auth-realistic.spec.ts" time="0">
<skipped>
</skipped>
</testcase>
<testcase name="Realistic Authentication Tests › Sign In Flow › should successfully load and fill signin form" classname="auth-realistic.spec.ts" time="0">
<skipped>
</skipped>
</testcase>
<testcase name="Realistic Authentication Tests › Sign In Flow › should have submit button that can be clicked" classname="auth-realistic.spec.ts" time="0">
<skipped>
</skipped>
</testcase>
<testcase name="Realistic Authentication Tests › Sign In Flow › should show error for invalid credentials" classname="auth-realistic.spec.ts" time="0">
<skipped>
</skipped>
</testcase>
<testcase name="Realistic Authentication Tests › Sign In Flow › should show loading state during sign in" classname="auth-realistic.spec.ts" time="0">
<skipped>
</skipped>
</testcase>
<testcase name="Realistic Authentication Tests › Navigation Tests › should navigate between auth pages" classname="auth-realistic.spec.ts" time="0">
<skipped>
</skipped>
</testcase>
<testcase name="Realistic Authentication Tests › Navigation Tests › should have working OAuth buttons" classname="auth-realistic.spec.ts" time="0">
<skipped>
</skipped>
</testcase>
<testcase name="Realistic Authentication Tests › Navigation Tests › should navigate to forgot password" classname="auth-realistic.spec.ts" time="0">
<skipped>
</skipped>
</testcase>
<testcase name="Realistic Authentication Tests › Page Loading Tests › should load signin page without errors" classname="auth-realistic.spec.ts" time="0">
<skipped>
</skipped>
</testcase>
<testcase name="Realistic Authentication Tests › Page Loading Tests › should load signup page without errors" classname="auth-realistic.spec.ts" time="0">
<skipped>
</skipped>
</testcase>
<testcase name="Realistic Authentication Tests › Page Loading Tests › should load forgot password page if it exists" classname="auth-realistic.spec.ts" time="0">
<skipped>
</skipped>
</testcase>
<testcase name="Realistic Authentication Tests › Protected Routes › should redirect unauthenticated users" classname="auth-realistic.spec.ts" time="0">
<skipped>
</skipped>
</testcase>
<testcase name="Realistic Authentication Tests › Protected Routes › should allow authenticated users access" classname="auth-realistic.spec.ts" time="0">
<skipped>
</skipped>
</testcase>
<testcase name="Realistic Authentication Tests › Error Handling › should handle network errors gracefully" classname="auth-realistic.spec.ts" time="0">
<skipped>
</skipped>
</testcase>
<testcase name="Realistic Authentication Tests › Error Handling › should prevent rapid form submissions" classname="auth-realistic.spec.ts" time="0">
<skipped>
</skipped>
</testcase>
</testsuite>
<testsuite name="auth-simple.spec.ts" timestamp="2025-06-08T11:18:24.813Z" hostname="firefox" tests="6" failures="0" skipped="6" time="0" errors="0">
<testcase name="Basic Authentication Tests › should load signin page correctly" classname="auth-simple.spec.ts" time="0">
<skipped>
</skipped>
</testcase>
<testcase name="Basic Authentication Tests › should load signup page correctly" classname="auth-simple.spec.ts" time="0">
<skipped>
</skipped>
</testcase>
<testcase name="Basic Authentication Tests › should display OAuth buttons with correct text" classname="auth-simple.spec.ts" time="0">
<skipped>
</skipped>
</testcase>
<testcase name="Basic Authentication Tests › should navigate between auth pages" classname="auth-simple.spec.ts" time="0">
<skipped>
</skipped>
</testcase>
<testcase name="Basic Authentication Tests › should show validation for empty form submission" classname="auth-simple.spec.ts" time="0">
<skipped>
</skipped>
</testcase>
<testcase name="Basic Authentication Tests › should handle basic form submission" classname="auth-simple.spec.ts" time="0">
<skipped>
</skipped>
</testcase>
</testsuite>
<testsuite name="auth-working.spec.ts" timestamp="2025-06-08T11:18:24.813Z" hostname="firefox" tests="12" failures="0" skipped="12" time="0" errors="0">
<testcase name="Essential Authentication Tests › Basic Page Loading › should load signup page" classname="auth-working.spec.ts" time="0">
<skipped>
</skipped>
</testcase>
<testcase name="Essential Authentication Tests › Basic Page Loading › should load signin page" classname="auth-working.spec.ts" time="0">
<skipped>
</skipped>
</testcase>
<testcase name="Essential Authentication Tests › Basic Page Loading › should load forgot password page" classname="auth-working.spec.ts" time="0">
<skipped>
</skipped>
</testcase>
<testcase name="Essential Authentication Tests › Navigation › should navigate between auth pages" classname="auth-working.spec.ts" time="0">
<skipped>
</skipped>
</testcase>
<testcase name="Essential Authentication Tests › Navigation › should navigate to forgot password" classname="auth-working.spec.ts" time="0">
<skipped>
</skipped>
</testcase>
<testcase name="Essential Authentication Tests › Navigation › should navigate from homepage to test" classname="auth-working.spec.ts" time="0">
<skipped>
</skipped>
</testcase>
<testcase name="Essential Authentication Tests › OAuth Buttons › should show OAuth buttons on signin" classname="auth-working.spec.ts" time="0">
<skipped>
</skipped>
</testcase>
<testcase name="Essential Authentication Tests › OAuth Buttons › should show OAuth buttons on signup" classname="auth-working.spec.ts" time="0">
<skipped>
</skipped>
</testcase>
<testcase name="Essential Authentication Tests › Basic Form Validation › should have required attributes on form fields" classname="auth-working.spec.ts" time="0">
<skipped>
</skipped>
</testcase>
<testcase name="Essential Authentication Tests › Basic Form Validation › should have email type on email fields" classname="auth-working.spec.ts" time="0">
<skipped>
</skipped>
</testcase>
<testcase name="Essential Authentication Tests › Basic Form Input › should accept basic form input on signup" classname="auth-working.spec.ts" time="0">
<skipped>
</skipped>
</testcase>
<testcase name="Essential Authentication Tests › Basic Form Input › should accept basic form input on signin" classname="auth-working.spec.ts" time="0">
<skipped>
</skipped>
</testcase>
</testsuite>
<testsuite name="auth.spec.ts" timestamp="2025-06-08T11:18:24.813Z" hostname="firefox" tests="30" failures="0" skipped="30" time="0" errors="0">
<testcase name="Authentication Flow - Comprehensive E2E Tests › Navigation and UI Tests › should navigate to test page from homepage" classname="auth.spec.ts" time="0">
<skipped>
</skipped>
</testcase>
<testcase name="Authentication Flow - Comprehensive E2E Tests › Navigation and UI Tests › should navigate between auth pages correctly" classname="auth.spec.ts" time="0">
<skipped>
</skipped>
</testcase>
<testcase name="Authentication Flow - Comprehensive E2E Tests › Navigation and UI Tests › should display OAuth provider buttons" classname="auth.spec.ts" time="0">
<skipped>
</skipped>
</testcase>
<testcase name="Authentication Flow - Comprehensive E2E Tests › Navigation and UI Tests › should handle responsive design on mobile" classname="auth.spec.ts" time="0">
<skipped>
</skipped>
</testcase>
<testcase name="Authentication Flow - Comprehensive E2E Tests › Sign Up Flow › should successfully create account with valid data" classname="auth.spec.ts" time="0">
<skipped>
</skipped>
</testcase>
<testcase name="Authentication Flow - Comprehensive E2E Tests › Sign Up Flow › should show validation errors for empty form" classname="auth.spec.ts" time="0">
<skipped>
</skipped>
</testcase>
<testcase name="Authentication Flow - Comprehensive E2E Tests › Sign Up Flow › should validate email format" classname="auth.spec.ts" time="0">
<skipped>
</skipped>
</testcase>
<testcase name="Authentication Flow - Comprehensive E2E Tests › Sign Up Flow › should validate password strength" classname="auth.spec.ts" time="0">
<skipped>
</skipped>
</testcase>
<testcase name="Authentication Flow - Comprehensive E2E Tests › Sign Up Flow › should validate password confirmation" classname="auth.spec.ts" time="0">
<skipped>
</skipped>
</testcase>
<testcase name="Authentication Flow - Comprehensive E2E Tests › Sign Up Flow › should handle duplicate email registration" classname="auth.spec.ts" time="0">
<skipped>
</skipped>
</testcase>
<testcase name="Authentication Flow - Comprehensive E2E Tests › Sign In Flow › should successfully sign in with valid credentials" classname="auth.spec.ts" time="0">
<skipped>
</skipped>
</testcase>
<testcase name="Authentication Flow - Comprehensive E2E Tests › Sign In Flow › should show error for invalid credentials" classname="auth.spec.ts" time="0">
<skipped>
</skipped>
</testcase>
<testcase name="Authentication Flow - Comprehensive E2E Tests › Sign In Flow › should handle empty sign in form" classname="auth.spec.ts" time="0">
<skipped>
</skipped>
</testcase>
<testcase name="Authentication Flow - Comprehensive E2E Tests › Sign In Flow › should show loading state during sign in" classname="auth.spec.ts" time="0">
<skipped>
</skipped>
</testcase>
<testcase name="Authentication Flow - Comprehensive E2E Tests › Password Reset Flow › should navigate to forgot password page" classname="auth.spec.ts" time="0">
<skipped>
</skipped>
</testcase>
<testcase name="Authentication Flow - Comprehensive E2E Tests › Password Reset Flow › should handle password reset request" classname="auth.spec.ts" time="0">
<skipped>
</skipped>
</testcase>
<testcase name="Authentication Flow - Comprehensive E2E Tests › Password Reset Flow › should validate email in forgot password form" classname="auth.spec.ts" time="0">
<skipped>
</skipped>
</testcase>
<testcase name="Authentication Flow - Comprehensive E2E Tests › Password Reset Flow › should handle empty email in forgot password" classname="auth.spec.ts" time="0">
<skipped>
</skipped>
</testcase>
<testcase name="Authentication Flow - Comprehensive E2E Tests › Protected Routes and Authentication State › should redirect unauthenticated users from protected routes" classname="auth.spec.ts" time="0">
<skipped>
</skipped>
</testcase>
<testcase name="Authentication Flow - Comprehensive E2E Tests › Protected Routes and Authentication State › should allow authenticated users to access protected routes" classname="auth.spec.ts" time="0">
<skipped>
</skipped>
</testcase>
<testcase name="Authentication Flow - Comprehensive E2E Tests › Protected Routes and Authentication State › should handle session persistence across page reloads" classname="auth.spec.ts" time="0">
<skipped>
</skipped>
</testcase>
<testcase name="Authentication Flow - Comprehensive E2E Tests › Protected Routes and Authentication State › should handle logout functionality" classname="auth.spec.ts" time="0">
<skipped>
</skipped>
</testcase>
<testcase name="Authentication Flow - Comprehensive E2E Tests › Edge Cases and Error Handling › should handle network errors gracefully" classname="auth.spec.ts" time="0">
<skipped>
</skipped>
</testcase>
<testcase name="Authentication Flow - Comprehensive E2E Tests › Edge Cases and Error Handling › should handle rapid form submissions" classname="auth.spec.ts" time="0">
<skipped>
</skipped>
</testcase>
<testcase name="Authentication Flow - Comprehensive E2E Tests › Edge Cases and Error Handling › should handle special characters in passwords" classname="auth.spec.ts" time="0">
<skipped>
</skipped>
</testcase>
<testcase name="Authentication Flow - Comprehensive E2E Tests › Edge Cases and Error Handling › should handle very long email addresses" classname="auth.spec.ts" time="0">
<skipped>
</skipped>
</testcase>
<testcase name="Authentication Flow - Comprehensive E2E Tests › Edge Cases and Error Handling › should handle concurrent user registrations" classname="auth.spec.ts" time="0">
<skipped>
</skipped>
</testcase>
<testcase name="Authentication Flow - Comprehensive E2E Tests › Security Tests › should prevent SQL injection in auth forms" classname="auth.spec.ts" time="0">
<skipped>
</skipped>
</testcase>
<testcase name="Authentication Flow - Comprehensive E2E Tests › Security Tests › should prevent XSS in form inputs" classname="auth.spec.ts" time="0">
<skipped>
</skipped>
</testcase>
<testcase name="Authentication Flow - Comprehensive E2E Tests › Security Tests › should have proper CSRF protection" classname="auth.spec.ts" time="0">
<skipped>
</skipped>
</testcase>
</testsuite>
<testsuite name="auth-realistic.spec.ts" timestamp="2025-06-08T11:18:24.813Z" hostname="webkit" tests="20" failures="0" skipped="20" time="0" errors="0">
<testcase name="Realistic Authentication Tests › Sign Up Flow › should successfully load and fill signup form" classname="auth-realistic.spec.ts" time="0">
<skipped>
</skipped>
</testcase>
<testcase name="Realistic Authentication Tests › Sign Up Flow › should have proper form validation attributes" classname="auth-realistic.spec.ts" time="0">
<skipped>
</skipped>
</testcase>
<testcase name="Realistic Authentication Tests › Sign Up Flow › should validate password length (minimum 8 characters)" classname="auth-realistic.spec.ts" time="0">
<skipped>
</skipped>
</testcase>
<testcase name="Realistic Authentication Tests › Sign Up Flow › should validate password confirmation" classname="auth-realistic.spec.ts" time="0">
<skipped>
</skipped>
</testcase>
<testcase name="Realistic Authentication Tests › Sign Up Flow › should validate required fields" classname="auth-realistic.spec.ts" time="0">
<skipped>
</skipped>
</testcase>
<testcase name="Realistic Authentication Tests › Sign Up Flow › should handle duplicate email registration" classname="auth-realistic.spec.ts" time="0">
<skipped>
</skipped>
</testcase>
<testcase name="Realistic Authentication Tests › Sign In Flow › should successfully load and fill signin form" classname="auth-realistic.spec.ts" time="0">
<skipped>
</skipped>
</testcase>
<testcase name="Realistic Authentication Tests › Sign In Flow › should have submit button that can be clicked" classname="auth-realistic.spec.ts" time="0">
<skipped>
</skipped>
</testcase>
<testcase name="Realistic Authentication Tests › Sign In Flow › should show error for invalid credentials" classname="auth-realistic.spec.ts" time="0">
<skipped>
</skipped>
</testcase>
<testcase name="Realistic Authentication Tests › Sign In Flow › should show loading state during sign in" classname="auth-realistic.spec.ts" time="0">
<skipped>
</skipped>
</testcase>
<testcase name="Realistic Authentication Tests › Navigation Tests › should navigate between auth pages" classname="auth-realistic.spec.ts" time="0">
<skipped>
</skipped>
</testcase>
<testcase name="Realistic Authentication Tests › Navigation Tests › should have working OAuth buttons" classname="auth-realistic.spec.ts" time="0">
<skipped>
</skipped>
</testcase>
<testcase name="Realistic Authentication Tests › Navigation Tests › should navigate to forgot password" classname="auth-realistic.spec.ts" time="0">
<skipped>
</skipped>
</testcase>
<testcase name="Realistic Authentication Tests › Page Loading Tests › should load signin page without errors" classname="auth-realistic.spec.ts" time="0">
<skipped>
</skipped>
</testcase>
<testcase name="Realistic Authentication Tests › Page Loading Tests › should load signup page without errors" classname="auth-realistic.spec.ts" time="0">
<skipped>
</skipped>
</testcase>
<testcase name="Realistic Authentication Tests › Page Loading Tests › should load forgot password page if it exists" classname="auth-realistic.spec.ts" time="0">
<skipped>
</skipped>
</testcase>
<testcase name="Realistic Authentication Tests › Protected Routes › should redirect unauthenticated users" classname="auth-realistic.spec.ts" time="0">
<skipped>
</skipped>
</testcase>
<testcase name="Realistic Authentication Tests › Protected Routes › should allow authenticated users access" classname="auth-realistic.spec.ts" time="0">
<skipped>
</skipped>
</testcase>
<testcase name="Realistic Authentication Tests › Error Handling › should handle network errors gracefully" classname="auth-realistic.spec.ts" time="0">
<skipped>
</skipped>
</testcase>
<testcase name="Realistic Authentication Tests › Error Handling › should prevent rapid form submissions" classname="auth-realistic.spec.ts" time="0">
<skipped>
</skipped>
</testcase>
</testsuite>
<testsuite name="auth-simple.spec.ts" timestamp="2025-06-08T11:18:24.813Z" hostname="webkit" tests="6" failures="0" skipped="6" time="0" errors="0">
<testcase name="Basic Authentication Tests › should load signin page correctly" classname="auth-simple.spec.ts" time="0">
<skipped>
</skipped>
</testcase>
<testcase name="Basic Authentication Tests › should load signup page correctly" classname="auth-simple.spec.ts" time="0">
<skipped>
</skipped>
</testcase>
<testcase name="Basic Authentication Tests › should display OAuth buttons with correct text" classname="auth-simple.spec.ts" time="0">
<skipped>
</skipped>
</testcase>
<testcase name="Basic Authentication Tests › should navigate between auth pages" classname="auth-simple.spec.ts" time="0">
<skipped>
</skipped>
</testcase>
<testcase name="Basic Authentication Tests › should show validation for empty form submission" classname="auth-simple.spec.ts" time="0">
<skipped>
</skipped>
</testcase>
<testcase name="Basic Authentication Tests › should handle basic form submission" classname="auth-simple.spec.ts" time="0">
<skipped>
</skipped>
</testcase>
</testsuite>
<testsuite name="auth-working.spec.ts" timestamp="2025-06-08T11:18:24.813Z" hostname="webkit" tests="12" failures="0" skipped="12" time="0" errors="0">
<testcase name="Essential Authentication Tests › Basic Page Loading › should load signup page" classname="auth-working.spec.ts" time="0">
<skipped>
</skipped>
</testcase>
<testcase name="Essential Authentication Tests › Basic Page Loading › should load signin page" classname="auth-working.spec.ts" time="0">
<skipped>
</skipped>
</testcase>
<testcase name="Essential Authentication Tests › Basic Page Loading › should load forgot password page" classname="auth-working.spec.ts" time="0">
<skipped>
</skipped>
</testcase>
<testcase name="Essential Authentication Tests › Navigation › should navigate between auth pages" classname="auth-working.spec.ts" time="0">
<skipped>
</skipped>
</testcase>
<testcase name="Essential Authentication Tests › Navigation › should navigate to forgot password" classname="auth-working.spec.ts" time="0">
<skipped>
</skipped>
</testcase>
<testcase name="Essential Authentication Tests › Navigation › should navigate from homepage to test" classname="auth-working.spec.ts" time="0">
<skipped>
</skipped>
</testcase>
<testcase name="Essential Authentication Tests › OAuth Buttons › should show OAuth buttons on signin" classname="auth-working.spec.ts" time="0">
<skipped>
</skipped>
</testcase>
<testcase name="Essential Authentication Tests › OAuth Buttons › should show OAuth buttons on signup" classname="auth-working.spec.ts" time="0">
<skipped>
</skipped>
</testcase>
<testcase name="Essential Authentication Tests › Basic Form Validation › should have required attributes on form fields" classname="auth-working.spec.ts" time="0">
<skipped>
</skipped>
</testcase>
<testcase name="Essential Authentication Tests › Basic Form Validation › should have email type on email fields" classname="auth-working.spec.ts" time="0">
<skipped>
</skipped>
</testcase>
<testcase name="Essential Authentication Tests › Basic Form Input › should accept basic form input on signup" classname="auth-working.spec.ts" time="0">
<skipped>
</skipped>
</testcase>
<testcase name="Essential Authentication Tests › Basic Form Input › should accept basic form input on signin" classname="auth-working.spec.ts" time="0">
<skipped>
</skipped>
</testcase>
</testsuite>
<testsuite name="auth.spec.ts" timestamp="2025-06-08T11:18:24.813Z" hostname="webkit" tests="30" failures="0" skipped="30" time="0" errors="0">
<testcase name="Authentication Flow - Comprehensive E2E Tests › Navigation and UI Tests › should navigate to test page from homepage" classname="auth.spec.ts" time="0">
<skipped>
</skipped>
</testcase>
<testcase name="Authentication Flow - Comprehensive E2E Tests › Navigation and UI Tests › should navigate between auth pages correctly" classname="auth.spec.ts" time="0">
<skipped>
</skipped>
</testcase>
<testcase name="Authentication Flow - Comprehensive E2E Tests › Navigation and UI Tests › should display OAuth provider buttons" classname="auth.spec.ts" time="0">
<skipped>
</skipped>
</testcase>
<testcase name="Authentication Flow - Comprehensive E2E Tests › Navigation and UI Tests › should handle responsive design on mobile" classname="auth.spec.ts" time="0">
<skipped>
</skipped>
</testcase>
<testcase name="Authentication Flow - Comprehensive E2E Tests › Sign Up Flow › should successfully create account with valid data" classname="auth.spec.ts" time="0">
<skipped>
</skipped>
</testcase>
<testcase name="Authentication Flow - Comprehensive E2E Tests › Sign Up Flow › should show validation errors for empty form" classname="auth.spec.ts" time="0">
<skipped>
</skipped>
</testcase>
<testcase name="Authentication Flow - Comprehensive E2E Tests › Sign Up Flow › should validate email format" classname="auth.spec.ts" time="0">
<skipped>
</skipped>
</testcase>
<testcase name="Authentication Flow - Comprehensive E2E Tests › Sign Up Flow › should validate password strength" classname="auth.spec.ts" time="0">
<skipped>
</skipped>
</testcase>
<testcase name="Authentication Flow - Comprehensive E2E Tests › Sign Up Flow › should validate password confirmation" classname="auth.spec.ts" time="0">
<skipped>
</skipped>
</testcase>
<testcase name="Authentication Flow - Comprehensive E2E Tests › Sign Up Flow › should handle duplicate email registration" classname="auth.spec.ts" time="0">
<skipped>
</skipped>
</testcase>
<testcase name="Authentication Flow - Comprehensive E2E Tests › Sign In Flow › should successfully sign in with valid credentials" classname="auth.spec.ts" time="0">
<skipped>
</skipped>
</testcase>
<testcase name="Authentication Flow - Comprehensive E2E Tests › Sign In Flow › should show error for invalid credentials" classname="auth.spec.ts" time="0">
<skipped>
</skipped>
</testcase>
<testcase name="Authentication Flow - Comprehensive E2E Tests › Sign In Flow › should handle empty sign in form" classname="auth.spec.ts" time="0">
<skipped>
</skipped>
</testcase>
<testcase name="Authentication Flow - Comprehensive E2E Tests › Sign In Flow › should show loading state during sign in" classname="auth.spec.ts" time="0">
<skipped>
</skipped>
</testcase>
<testcase name="Authentication Flow - Comprehensive E2E Tests › Password Reset Flow › should navigate to forgot password page" classname="auth.spec.ts" time="0">
<skipped>
</skipped>
</testcase>
<testcase name="Authentication Flow - Comprehensive E2E Tests › Password Reset Flow › should handle password reset request" classname="auth.spec.ts" time="0">
<skipped>
</skipped>
</testcase>
<testcase name="Authentication Flow - Comprehensive E2E Tests › Password Reset Flow › should validate email in forgot password form" classname="auth.spec.ts" time="0">
<skipped>
</skipped>
</testcase>
<testcase name="Authentication Flow - Comprehensive E2E Tests › Password Reset Flow › should handle empty email in forgot password" classname="auth.spec.ts" time="0">
<skipped>
</skipped>
</testcase>
<testcase name="Authentication Flow - Comprehensive E2E Tests › Protected Routes and Authentication State › should redirect unauthenticated users from protected routes" classname="auth.spec.ts" time="0">
<skipped>
</skipped>
</testcase>
<testcase name="Authentication Flow - Comprehensive E2E Tests › Protected Routes and Authentication State › should allow authenticated users to access protected routes" classname="auth.spec.ts" time="0">
<skipped>
</skipped>
</testcase>
<testcase name="Authentication Flow - Comprehensive E2E Tests › Protected Routes and Authentication State › should handle session persistence across page reloads" classname="auth.spec.ts" time="0">
<skipped>
</skipped>
</testcase>
<testcase name="Authentication Flow - Comprehensive E2E Tests › Protected Routes and Authentication State › should handle logout functionality" classname="auth.spec.ts" time="0">
<skipped>
</skipped>
</testcase>
<testcase name="Authentication Flow - Comprehensive E2E Tests › Edge Cases and Error Handling › should handle network errors gracefully" classname="auth.spec.ts" time="0">
<skipped>
</skipped>
</testcase>
<testcase name="Authentication Flow - Comprehensive E2E Tests › Edge Cases and Error Handling › should handle rapid form submissions" classname="auth.spec.ts" time="0">
<skipped>
</skipped>
</testcase>
<testcase name="Authentication Flow - Comprehensive E2E Tests › Edge Cases and Error Handling › should handle special characters in passwords" classname="auth.spec.ts" time="0">
<skipped>
</skipped>
</testcase>
<testcase name="Authentication Flow - Comprehensive E2E Tests › Edge Cases and Error Handling › should handle very long email addresses" classname="auth.spec.ts" time="0">
<skipped>
</skipped>
</testcase>
<testcase name="Authentication Flow - Comprehensive E2E Tests › Edge Cases and Error Handling › should handle concurrent user registrations" classname="auth.spec.ts" time="0">
<skipped>
</skipped>
</testcase>
<testcase name="Authentication Flow - Comprehensive E2E Tests › Security Tests › should prevent SQL injection in auth forms" classname="auth.spec.ts" time="0">
<skipped>
</skipped>
</testcase>
<testcase name="Authentication Flow - Comprehensive E2E Tests › Security Tests › should prevent XSS in form inputs" classname="auth.spec.ts" time="0">
<skipped>
</skipped>
</testcase>
<testcase name="Authentication Flow - Comprehensive E2E Tests › Security Tests › should have proper CSRF protection" classname="auth.spec.ts" time="0">
<skipped>
</skipped>
</testcase>
</testsuite>
<testsuite name="auth-realistic.spec.ts" timestamp="2025-06-08T11:18:24.813Z" hostname="Mobile Chrome" tests="20" failures="0" skipped="20" time="0" errors="0">
<testcase name="Realistic Authentication Tests › Sign Up Flow › should successfully load and fill signup form" classname="auth-realistic.spec.ts" time="0">
<skipped>
</skipped>
</testcase>
<testcase name="Realistic Authentication Tests › Sign Up Flow › should have proper form validation attributes" classname="auth-realistic.spec.ts" time="0">
<skipped>
</skipped>
</testcase>
<testcase name="Realistic Authentication Tests › Sign Up Flow › should validate password length (minimum 8 characters)" classname="auth-realistic.spec.ts" time="0">
<skipped>
</skipped>
</testcase>
<testcase name="Realistic Authentication Tests › Sign Up Flow › should validate password confirmation" classname="auth-realistic.spec.ts" time="0">
<skipped>
</skipped>
</testcase>
<testcase name="Realistic Authentication Tests › Sign Up Flow › should validate required fields" classname="auth-realistic.spec.ts" time="0">
<skipped>
</skipped>
</testcase>
<testcase name="Realistic Authentication Tests › Sign Up Flow › should handle duplicate email registration" classname="auth-realistic.spec.ts" time="0">
<skipped>
</skipped>
</testcase>
<testcase name="Realistic Authentication Tests › Sign In Flow › should successfully load and fill signin form" classname="auth-realistic.spec.ts" time="0">
<skipped>
</skipped>
</testcase>
<testcase name="Realistic Authentication Tests › Sign In Flow › should have submit button that can be clicked" classname="auth-realistic.spec.ts" time="0">
<skipped>
</skipped>
</testcase>
<testcase name="Realistic Authentication Tests › Sign In Flow › should show error for invalid credentials" classname="auth-realistic.spec.ts" time="0">
<skipped>
</skipped>
</testcase>
<testcase name="Realistic Authentication Tests › Sign In Flow › should show loading state during sign in" classname="auth-realistic.spec.ts" time="0">
<skipped>
</skipped>
</testcase>
<testcase name="Realistic Authentication Tests › Navigation Tests › should navigate between auth pages" classname="auth-realistic.spec.ts" time="0">
<skipped>
</skipped>
</testcase>
<testcase name="Realistic Authentication Tests › Navigation Tests › should have working OAuth buttons" classname="auth-realistic.spec.ts" time="0">
<skipped>
</skipped>
</testcase>
<testcase name="Realistic Authentication Tests › Navigation Tests › should navigate to forgot password" classname="auth-realistic.spec.ts" time="0">
<skipped>
</skipped>
</testcase>
<testcase name="Realistic Authentication Tests › Page Loading Tests › should load signin page without errors" classname="auth-realistic.spec.ts" time="0">
<skipped>
</skipped>
</testcase>
<testcase name="Realistic Authentication Tests › Page Loading Tests › should load signup page without errors" classname="auth-realistic.spec.ts" time="0">
<skipped>
</skipped>
</testcase>
<testcase name="Realistic Authentication Tests › Page Loading Tests › should load forgot password page if it exists" classname="auth-realistic.spec.ts" time="0">
<skipped>
</skipped>
</testcase>
<testcase name="Realistic Authentication Tests › Protected Routes › should redirect unauthenticated users" classname="auth-realistic.spec.ts" time="0">
<skipped>
</skipped>
</testcase>
<testcase name="Realistic Authentication Tests › Protected Routes › should allow authenticated users access" classname="auth-realistic.spec.ts" time="0">
<skipped>
</skipped>
</testcase>
<testcase name="Realistic Authentication Tests › Error Handling › should handle network errors gracefully" classname="auth-realistic.spec.ts" time="0">
<skipped>
</skipped>
</testcase>
<testcase name="Realistic Authentication Tests › Error Handling › should prevent rapid form submissions" classname="auth-realistic.spec.ts" time="0">
<skipped>
</skipped>
</testcase>
</testsuite>
<testsuite name="auth-simple.spec.ts" timestamp="2025-06-08T11:18:24.813Z" hostname="Mobile Chrome" tests="6" failures="0" skipped="6" time="0" errors="0">
<testcase name="Basic Authentication Tests › should load signin page correctly" classname="auth-simple.spec.ts" time="0">
<skipped>
</skipped>
</testcase>
<testcase name="Basic Authentication Tests › should load signup page correctly" classname="auth-simple.spec.ts" time="0">
<skipped>
</skipped>
</testcase>
<testcase name="Basic Authentication Tests › should display OAuth buttons with correct text" classname="auth-simple.spec.ts" time="0">
<skipped>
</skipped>
</testcase>
<testcase name="Basic Authentication Tests › should navigate between auth pages" classname="auth-simple.spec.ts" time="0">
<skipped>
</skipped>
</testcase>
<testcase name="Basic Authentication Tests › should show validation for empty form submission" classname="auth-simple.spec.ts" time="0">
<skipped>
</skipped>
</testcase>
<testcase name="Basic Authentication Tests › should handle basic form submission" classname="auth-simple.spec.ts" time="0">
<skipped>
</skipped>
</testcase>
</testsuite>
<testsuite name="auth-working.spec.ts" timestamp="2025-06-08T11:18:24.813Z" hostname="Mobile Chrome" tests="12" failures="0" skipped="12" time="0" errors="0">
<testcase name="Essential Authentication Tests › Basic Page Loading › should load signup page" classname="auth-working.spec.ts" time="0">
<skipped>
</skipped>
</testcase>
<testcase name="Essential Authentication Tests › Basic Page Loading › should load signin page" classname="auth-working.spec.ts" time="0">
<skipped>
</skipped>
</testcase>
<testcase name="Essential Authentication Tests › Basic Page Loading › should load forgot password page" classname="auth-working.spec.ts" time="0">
<skipped>
</skipped>
</testcase>
<testcase name="Essential Authentication Tests › Navigation › should navigate between auth pages" classname="auth-working.spec.ts" time="0">
<skipped>
</skipped>
</testcase>
<testcase name="Essential Authentication Tests › Navigation › should navigate to forgot password" classname="auth-working.spec.ts" time="0">
<skipped>
</skipped>
</testcase>
<testcase name="Essential Authentication Tests › Navigation › should navigate from homepage to test" classname="auth-working.spec.ts" time="0">
<skipped>
</skipped>
</testcase>
<testcase name="Essential Authentication Tests › OAuth Buttons › should show OAuth buttons on signin" classname="auth-working.spec.ts" time="0">
<skipped>
</skipped>
</testcase>
<testcase name="Essential Authentication Tests › OAuth Buttons › should show OAuth buttons on signup" classname="auth-working.spec.ts" time="0">
<skipped>
</skipped>
</testcase>
<testcase name="Essential Authentication Tests › Basic Form Validation › should have required attributes on form fields" classname="auth-working.spec.ts" time="0">
<skipped>
</skipped>
</testcase>
<testcase name="Essential Authentication Tests › Basic Form Validation › should have email type on email fields" classname="auth-working.spec.ts" time="0">
<skipped>
</skipped>
</testcase>
<testcase name="Essential Authentication Tests › Basic Form Input › should accept basic form input on signup" classname="auth-working.spec.ts" time="0">
<skipped>
</skipped>
</testcase>
<testcase name="Essential Authentication Tests › Basic Form Input › should accept basic form input on signin" classname="auth-working.spec.ts" time="0">
<skipped>
</skipped>
</testcase>
</testsuite>
<testsuite name="auth.spec.ts" timestamp="2025-06-08T11:18:24.813Z" hostname="Mobile Chrome" tests="30" failures="0" skipped="30" time="0" errors="0">
<testcase name="Authentication Flow - Comprehensive E2E Tests › Navigation and UI Tests › should navigate to test page from homepage" classname="auth.spec.ts" time="0">
<skipped>
</skipped>
</testcase>
<testcase name="Authentication Flow - Comprehensive E2E Tests › Navigation and UI Tests › should navigate between auth pages correctly" classname="auth.spec.ts" time="0">
<skipped>
</skipped>
</testcase>
<testcase name="Authentication Flow - Comprehensive E2E Tests › Navigation and UI Tests › should display OAuth provider buttons" classname="auth.spec.ts" time="0">
<skipped>
</skipped>
</testcase>
<testcase name="Authentication Flow - Comprehensive E2E Tests › Navigation and UI Tests › should handle responsive design on mobile" classname="auth.spec.ts" time="0">
<skipped>
</skipped>
</testcase>
<testcase name="Authentication Flow - Comprehensive E2E Tests › Sign Up Flow › should successfully create account with valid data" classname="auth.spec.ts" time="0">
<skipped>
</skipped>
</testcase>
<testcase name="Authentication Flow - Comprehensive E2E Tests › Sign Up Flow › should show validation errors for empty form" classname="auth.spec.ts" time="0">
<skipped>
</skipped>
</testcase>
<testcase name="Authentication Flow - Comprehensive E2E Tests › Sign Up Flow › should validate email format" classname="auth.spec.ts" time="0">
<skipped>
</skipped>
</testcase>
<testcase name="Authentication Flow - Comprehensive E2E Tests › Sign Up Flow › should validate password strength" classname="auth.spec.ts" time="0">
<skipped>
</skipped>
</testcase>
<testcase name="Authentication Flow - Comprehensive E2E Tests › Sign Up Flow › should validate password confirmation" classname="auth.spec.ts" time="0">
<skipped>
</skipped>
</testcase>
<testcase name="Authentication Flow - Comprehensive E2E Tests › Sign Up Flow › should handle duplicate email registration" classname="auth.spec.ts" time="0">
<skipped>
</skipped>
</testcase>
<testcase name="Authentication Flow - Comprehensive E2E Tests › Sign In Flow › should successfully sign in with valid credentials" classname="auth.spec.ts" time="0">
<skipped>
</skipped>
</testcase>
<testcase name="Authentication Flow - Comprehensive E2E Tests › Sign In Flow › should show error for invalid credentials" classname="auth.spec.ts" time="0">
<skipped>
</skipped>
</testcase>
<testcase name="Authentication Flow - Comprehensive E2E Tests › Sign In Flow › should handle empty sign in form" classname="auth.spec.ts" time="0">
<skipped>
</skipped>
</testcase>
<testcase name="Authentication Flow - Comprehensive E2E Tests › Sign In Flow › should show loading state during sign in" classname="auth.spec.ts" time="0">
<skipped>
</skipped>
</testcase>
<testcase name="Authentication Flow - Comprehensive E2E Tests › Password Reset Flow › should navigate to forgot password page" classname="auth.spec.ts" time="0">
<skipped>
</skipped>
</testcase>
<testcase name="Authentication Flow - Comprehensive E2E Tests › Password Reset Flow › should handle password reset request" classname="auth.spec.ts" time="0">
<skipped>
</skipped>
</testcase>
<testcase name="Authentication Flow - Comprehensive E2E Tests › Password Reset Flow › should validate email in forgot password form" classname="auth.spec.ts" time="0">
<skipped>
</skipped>
</testcase>
<testcase name="Authentication Flow - Comprehensive E2E Tests › Password Reset Flow › should handle empty email in forgot password" classname="auth.spec.ts" time="0">
<skipped>
</skipped>
</testcase>
<testcase name="Authentication Flow - Comprehensive E2E Tests › Protected Routes and Authentication State › should redirect unauthenticated users from protected routes" classname="auth.spec.ts" time="0">
<skipped>
</skipped>
</testcase>
<testcase name="Authentication Flow - Comprehensive E2E Tests › Protected Routes and Authentication State › should allow authenticated users to access protected routes" classname="auth.spec.ts" time="0">
<skipped>
</skipped>
</testcase>
<testcase name="Authentication Flow - Comprehensive E2E Tests › Protected Routes and Authentication State › should handle session persistence across page reloads" classname="auth.spec.ts" time="0">
<skipped>
</skipped>
</testcase>
<testcase name="Authentication Flow - Comprehensive E2E Tests › Protected Routes and Authentication State › should handle logout functionality" classname="auth.spec.ts" time="0">
<skipped>
</skipped>
</testcase>
<testcase name="Authentication Flow - Comprehensive E2E Tests › Edge Cases and Error Handling › should handle network errors gracefully" classname="auth.spec.ts" time="0">
<skipped>
</skipped>
</testcase>
<testcase name="Authentication Flow - Comprehensive E2E Tests › Edge Cases and Error Handling › should handle rapid form submissions" classname="auth.spec.ts" time="0">
<skipped>
</skipped>
</testcase>
<testcase name="Authentication Flow - Comprehensive E2E Tests › Edge Cases and Error Handling › should handle special characters in passwords" classname="auth.spec.ts" time="0">
<skipped>
</skipped>
</testcase>
<testcase name="Authentication Flow - Comprehensive E2E Tests › Edge Cases and Error Handling › should handle very long email addresses" classname="auth.spec.ts" time="0">
<skipped>
</skipped>
</testcase>
<testcase name="Authentication Flow - Comprehensive E2E Tests › Edge Cases and Error Handling › should handle concurrent user registrations" classname="auth.spec.ts" time="0">
<skipped>
</skipped>
</testcase>
<testcase name="Authentication Flow - Comprehensive E2E Tests › Security Tests › should prevent SQL injection in auth forms" classname="auth.spec.ts" time="0">
<skipped>
</skipped>
</testcase>
<testcase name="Authentication Flow - Comprehensive E2E Tests › Security Tests › should prevent XSS in form inputs" classname="auth.spec.ts" time="0">
<skipped>
</skipped>
</testcase>
<testcase name="Authentication Flow - Comprehensive E2E Tests › Security Tests › should have proper CSRF protection" classname="auth.spec.ts" time="0">
<skipped>
</skipped>
</testcase>
</testsuite>
<testsuite name="auth-realistic.spec.ts" timestamp="2025-06-08T11:18:24.813Z" hostname="Mobile Safari" tests="20" failures="0" skipped="20" time="0" errors="0">
<testcase name="Realistic Authentication Tests › Sign Up Flow › should successfully load and fill signup form" classname="auth-realistic.spec.ts" time="0">
<skipped>
</skipped>
</testcase>
<testcase name="Realistic Authentication Tests › Sign Up Flow › should have proper form validation attributes" classname="auth-realistic.spec.ts" time="0">
<skipped>
</skipped>
</testcase>
<testcase name="Realistic Authentication Tests › Sign Up Flow › should validate password length (minimum 8 characters)" classname="auth-realistic.spec.ts" time="0">
<skipped>
</skipped>
</testcase>
<testcase name="Realistic Authentication Tests › Sign Up Flow › should validate password confirmation" classname="auth-realistic.spec.ts" time="0">
<skipped>
</skipped>
</testcase>
<testcase name="Realistic Authentication Tests › Sign Up Flow › should validate required fields" classname="auth-realistic.spec.ts" time="0">
<skipped>
</skipped>
</testcase>
<testcase name="Realistic Authentication Tests › Sign Up Flow › should handle duplicate email registration" classname="auth-realistic.spec.ts" time="0">
<skipped>
</skipped>
</testcase>
<testcase name="Realistic Authentication Tests › Sign In Flow › should successfully load and fill signin form" classname="auth-realistic.spec.ts" time="0">
<skipped>
</skipped>
</testcase>
<testcase name="Realistic Authentication Tests › Sign In Flow › should have submit button that can be clicked" classname="auth-realistic.spec.ts" time="0">
<skipped>
</skipped>
</testcase>
<testcase name="Realistic Authentication Tests › Sign In Flow › should show error for invalid credentials" classname="auth-realistic.spec.ts" time="0">
<skipped>
</skipped>
</testcase>
<testcase name="Realistic Authentication Tests › Sign In Flow › should show loading state during sign in" classname="auth-realistic.spec.ts" time="0">
<skipped>
</skipped>
</testcase>
<testcase name="Realistic Authentication Tests › Navigation Tests › should navigate between auth pages" classname="auth-realistic.spec.ts" time="0">
<skipped>
</skipped>
</testcase>
<testcase name="Realistic Authentication Tests › Navigation Tests › should have working OAuth buttons" classname="auth-realistic.spec.ts" time="0">
<skipped>
</skipped>
</testcase>
<testcase name="Realistic Authentication Tests › Navigation Tests › should navigate to forgot password" classname="auth-realistic.spec.ts" time="0">
<skipped>
</skipped>
</testcase>
<testcase name="Realistic Authentication Tests › Page Loading Tests › should load signin page without errors" classname="auth-realistic.spec.ts" time="0">
<skipped>
</skipped>
</testcase>
<testcase name="Realistic Authentication Tests › Page Loading Tests › should load signup page without errors" classname="auth-realistic.spec.ts" time="0">
<skipped>
</skipped>
</testcase>
<testcase name="Realistic Authentication Tests › Page Loading Tests › should load forgot password page if it exists" classname="auth-realistic.spec.ts" time="0">
<skipped>
</skipped>
</testcase>
<testcase name="Realistic Authentication Tests › Protected Routes › should redirect unauthenticated users" classname="auth-realistic.spec.ts" time="0">
<skipped>
</skipped>
</testcase>
<testcase name="Realistic Authentication Tests › Protected Routes › should allow authenticated users access" classname="auth-realistic.spec.ts" time="0">
<skipped>
</skipped>
</testcase>
<testcase name="Realistic Authentication Tests › Error Handling › should handle network errors gracefully" classname="auth-realistic.spec.ts" time="0">
<skipped>
</skipped>
</testcase>
<testcase name="Realistic Authentication Tests › Error Handling › should prevent rapid form submissions" classname="auth-realistic.spec.ts" time="0">
<skipped>
</skipped>
</testcase>
</testsuite>
<testsuite name="auth-simple.spec.ts" timestamp="2025-06-08T11:18:24.813Z" hostname="Mobile Safari" tests="6" failures="0" skipped="6" time="0" errors="0">
<testcase name="Basic Authentication Tests › should load signin page correctly" classname="auth-simple.spec.ts" time="0">
<skipped>
</skipped>
</testcase>
<testcase name="Basic Authentication Tests › should load signup page correctly" classname="auth-simple.spec.ts" time="0">
<skipped>
</skipped>
</testcase>
<testcase name="Basic Authentication Tests › should display OAuth buttons with correct text" classname="auth-simple.spec.ts" time="0">
<skipped>
</skipped>
</testcase>
<testcase name="Basic Authentication Tests › should navigate between auth pages" classname="auth-simple.spec.ts" time="0">
<skipped>
</skipped>
</testcase>
<testcase name="Basic Authentication Tests › should show validation for empty form submission" classname="auth-simple.spec.ts" time="0">
<skipped>
</skipped>
</testcase>
<testcase name="Basic Authentication Tests › should handle basic form submission" classname="auth-simple.spec.ts" time="0">
<skipped>
</skipped>
</testcase>
</testsuite>
<testsuite name="auth-working.spec.ts" timestamp="2025-06-08T11:18:24.813Z" hostname="Mobile Safari" tests="12" failures="0" skipped="12" time="0" errors="0">
<testcase name="Essential Authentication Tests › Basic Page Loading › should load signup page" classname="auth-working.spec.ts" time="0">
<skipped>
</skipped>
</testcase>
<testcase name="Essential Authentication Tests › Basic Page Loading › should load signin page" classname="auth-working.spec.ts" time="0">
<skipped>
</skipped>
</testcase>
<testcase name="Essential Authentication Tests › Basic Page Loading › should load forgot password page" classname="auth-working.spec.ts" time="0">
<skipped>
</skipped>
</testcase>
<testcase name="Essential Authentication Tests › Navigation › should navigate between auth pages" classname="auth-working.spec.ts" time="0">
<skipped>
</skipped>
</testcase>
<testcase name="Essential Authentication Tests › Navigation › should navigate to forgot password" classname="auth-working.spec.ts" time="0">
<skipped>
</skipped>
</testcase>
<testcase name="Essential Authentication Tests › Navigation › should navigate from homepage to test" classname="auth-working.spec.ts" time="0">
<skipped>
</skipped>
</testcase>
<testcase name="Essential Authentication Tests › OAuth Buttons › should show OAuth buttons on signin" classname="auth-working.spec.ts" time="0">
<skipped>
</skipped>
</testcase>
<testcase name="Essential Authentication Tests › OAuth Buttons › should show OAuth buttons on signup" classname="auth-working.spec.ts" time="0">
<skipped>
</skipped>
</testcase>
<testcase name="Essential Authentication Tests › Basic Form Validation › should have required attributes on form fields" classname="auth-working.spec.ts" time="0">
<skipped>
</skipped>
</testcase>
<testcase name="Essential Authentication Tests › Basic Form Validation › should have email type on email fields" classname="auth-working.spec.ts" time="0">
<skipped>
</skipped>
</testcase>
<testcase name="Essential Authentication Tests › Basic Form Input › should accept basic form input on signup" classname="auth-working.spec.ts" time="0">
<skipped>
</skipped>
</testcase>
<testcase name="Essential Authentication Tests › Basic Form Input › should accept basic form input on signin" classname="auth-working.spec.ts" time="0">
<skipped>
</skipped>
</testcase>
</testsuite>
<testsuite name="auth.spec.ts" timestamp="2025-06-08T11:18:24.813Z" hostname="Mobile Safari" tests="30" failures="0" skipped="30" time="0" errors="0">
<testcase name="Authentication Flow - Comprehensive E2E Tests › Navigation and UI Tests › should navigate to test page from homepage" classname="auth.spec.ts" time="0">
<skipped>
</skipped>
</testcase>
<testcase name="Authentication Flow - Comprehensive E2E Tests › Navigation and UI Tests › should navigate between auth pages correctly" classname="auth.spec.ts" time="0">
<skipped>
</skipped>
</testcase>
<testcase name="Authentication Flow - Comprehensive E2E Tests › Navigation and UI Tests › should display OAuth provider buttons" classname="auth.spec.ts" time="0">
<skipped>
</skipped>
</testcase>
<testcase name="Authentication Flow - Comprehensive E2E Tests › Navigation and UI Tests › should handle responsive design on mobile" classname="auth.spec.ts" time="0">
<skipped>
</skipped>
</testcase>
<testcase name="Authentication Flow - Comprehensive E2E Tests › Sign Up Flow › should successfully create account with valid data" classname="auth.spec.ts" time="0">
<skipped>
</skipped>
</testcase>
<testcase name="Authentication Flow - Comprehensive E2E Tests › Sign Up Flow › should show validation errors for empty form" classname="auth.spec.ts" time="0">
<skipped>
</skipped>
</testcase>
<testcase name="Authentication Flow - Comprehensive E2E Tests › Sign Up Flow › should validate email format" classname="auth.spec.ts" time="0">
<skipped>
</skipped>
</testcase>
<testcase name="Authentication Flow - Comprehensive E2E Tests › Sign Up Flow › should validate password strength" classname="auth.spec.ts" time="0">
<skipped>
</skipped>
</testcase>
<testcase name="Authentication Flow - Comprehensive E2E Tests › Sign Up Flow › should validate password confirmation" classname="auth.spec.ts" time="0">
<skipped>
</skipped>
</testcase>
<testcase name="Authentication Flow - Comprehensive E2E Tests › Sign Up Flow › should handle duplicate email registration" classname="auth.spec.ts" time="0">
<skipped>
</skipped>
</testcase>
<testcase name="Authentication Flow - Comprehensive E2E Tests › Sign In Flow › should successfully sign in with valid credentials" classname="auth.spec.ts" time="0">
<skipped>
</skipped>
</testcase>
<testcase name="Authentication Flow - Comprehensive E2E Tests › Sign In Flow › should show error for invalid credentials" classname="auth.spec.ts" time="0">
<skipped>
</skipped>
</testcase>
<testcase name="Authentication Flow - Comprehensive E2E Tests › Sign In Flow › should handle empty sign in form" classname="auth.spec.ts" time="0">
<skipped>
</skipped>
</testcase>
<testcase name="Authentication Flow - Comprehensive E2E Tests › Sign In Flow › should show loading state during sign in" classname="auth.spec.ts" time="0">
<skipped>
</skipped>
</testcase>
<testcase name="Authentication Flow - Comprehensive E2E Tests › Password Reset Flow › should navigate to forgot password page" classname="auth.spec.ts" time="0">
<skipped>
</skipped>
</testcase>
<testcase name="Authentication Flow - Comprehensive E2E Tests › Password Reset Flow › should handle password reset request" classname="auth.spec.ts" time="0">
<skipped>
</skipped>
</testcase>
<testcase name="Authentication Flow - Comprehensive E2E Tests › Password Reset Flow › should validate email in forgot password form" classname="auth.spec.ts" time="0">
<skipped>
</skipped>
</testcase>
<testcase name="Authentication Flow - Comprehensive E2E Tests › Password Reset Flow › should handle empty email in forgot password" classname="auth.spec.ts" time="0">
<skipped>
</skipped>
</testcase>
<testcase name="Authentication Flow - Comprehensive E2E Tests › Protected Routes and Authentication State › should redirect unauthenticated users from protected routes" classname="auth.spec.ts" time="0">
<skipped>
</skipped>
</testcase>
<testcase name="Authentication Flow - Comprehensive E2E Tests › Protected Routes and Authentication State › should allow authenticated users to access protected routes" classname="auth.spec.ts" time="0">
<skipped>
</skipped>
</testcase>
<testcase name="Authentication Flow - Comprehensive E2E Tests › Protected Routes and Authentication State › should handle session persistence across page reloads" classname="auth.spec.ts" time="0">
<skipped>
</skipped>
</testcase>
<testcase name="Authentication Flow - Comprehensive E2E Tests › Protected Routes and Authentication State › should handle logout functionality" classname="auth.spec.ts" time="0">
<skipped>
</skipped>
</testcase>
<testcase name="Authentication Flow - Comprehensive E2E Tests › Edge Cases and Error Handling › should handle network errors gracefully" classname="auth.spec.ts" time="0">
<skipped>
</skipped>
</testcase>
<testcase name="Authentication Flow - Comprehensive E2E Tests › Edge Cases and Error Handling › should handle rapid form submissions" classname="auth.spec.ts" time="0">
<skipped>
</skipped>
</testcase>
<testcase name="Authentication Flow - Comprehensive E2E Tests › Edge Cases and Error Handling › should handle special characters in passwords" classname="auth.spec.ts" time="0">
<skipped>
</skipped>
</testcase>
<testcase name="Authentication Flow - Comprehensive E2E Tests › Edge Cases and Error Handling › should handle very long email addresses" classname="auth.spec.ts" time="0">
<skipped>
</skipped>
</testcase>
<testcase name="Authentication Flow - Comprehensive E2E Tests › Edge Cases and Error Handling › should handle concurrent user registrations" classname="auth.spec.ts" time="0">
<skipped>
</skipped>
</testcase>
<testcase name="Authentication Flow - Comprehensive E2E Tests › Security Tests › should prevent SQL injection in auth forms" classname="auth.spec.ts" time="0">
<skipped>
</skipped>
</testcase>
<testcase name="Authentication Flow - Comprehensive E2E Tests › Security Tests › should prevent XSS in form inputs" classname="auth.spec.ts" time="0">
<skipped>
</skipped>
</testcase>
<testcase name="Authentication Flow - Comprehensive E2E Tests › Security Tests › should have proper CSRF protection" classname="auth.spec.ts" time="0">
<skipped>
</skipped>
</testcase>
</testsuite>
</testsuites>